2026-02-10 19:27:27,919 - INFO - ============================================================
2026-02-10 19:27:27,919 - INFO - GENERATING RETROACTIVE PREDICTIONS
2026-02-10 19:27:27,919 - INFO - ============================================================
2026-02-10 19:27:27,919 - INFO - Target dates: ['2026-02-03', '2026-02-04', '2026-02-05', '2026-02-07', '2026-02-09']
2026-02-10 19:27:27,921 - INFO - 
Found 81 races needing predictions
2026-02-10 19:27:27,959 - INFO - Generated predictions for 81 races
2026-02-10 19:27:27,959 - INFO - 
Uploading to Supabase...
2026-02-10 19:27:29,010 - INFO - HTTP Request: GET https://bxdxztbdsxyyvvavvtoo.supabase.co/rest/v1/carreras?select=id%2Cjornadas%21inner%28fecha%2Chipodromos%21inner%28nombre%29%29&numero=eq.1 "HTTP/2 200 OK"
2026-02-10 19:27:29,201 - INFO - HTTP Request: DELETE https://bxdxztbdsxyyvvavvtoo.supabase.co/rest/v1/predicciones?carrera_id=eq.920 "HTTP/2 200 OK"
2026-02-10 19:27:29,379 - INFO - HTTP Request: POST https://bxdxztbdsxyyvvavvtoo.supabase.co/rest/v1/predicciones "HTTP/2 201 Created"
2026-02-10 19:27:29,558 - INFO - HTTP Request: POST https://bxdxztbdsxyyvvavvtoo.supabase.co/rest/v1/predicciones "HTTP/2 201 Created"
2026-02-10 19:27:29,740 - INFO - HTTP Request: POST https://bxdxztbdsxyyvvavvtoo.supabase.co/rest/v1/predicciones "HTTP/2 201 Created"
2026-02-10 19:27:29,913 - INFO - HTTP Request: POST https://bxdxztbdsxyyvvavvtoo.supabase.co/rest/v1/predicciones "HTTP/2 201 Created"
2026-02-10 19:27:30,081 - INFO - HTTP Request: GET https://bxdxztbdsxyyvvavvtoo.supabase.co/rest/v1/carreras?select=id%2Cjornadas%21inner%28fecha%2Chipodromos%21inner%28nombre%29%29&numero=eq.2 "HTTP/2 200 OK"
2026-02-10 19:27:30,257 - INFO - HTTP Request: DELETE https://bxdxztbdsxyyvvavvtoo.supabase.co/rest/v1/predicciones?carrera_id=eq.924 "HTTP/2 200 OK"
2026-02-10 19:27:30,468 - INFO - HTTP Request: POST https://bxdxztbdsxyyvvavvtoo.supabase.co/rest/v1/predicciones "HTTP/2 201 Created"
2026-02-10 19:27:30,638 - INFO - HTTP Request: POST https://bxdxztbdsxyyvvavvtoo.supabase.co/rest/v1/predicciones "HTTP/2 201 Created"
2026-02-10 19:27:30,846 - INFO - HTTP Request: POST https://bxdxztbdsxyyvvavvtoo.supabase.co/rest/v1/predicciones "HTTP/2 201 Created"
2026-02-10 19:27:31,062 - INFO - HTTP Request: POST https://bxdxztbdsxyyvvavvtoo.supabase.co/rest/v1/predicciones "HTTP/2 201 Created"
2026-02-10 19:27:31,232 - INFO - HTTP Request: GET https://bxdxztbdsxyyvvavvtoo.supabase.co/rest/v1/carreras?select=id%2Cjornadas%21inner%28fecha%2Chipodromos%21inner%28nombre%29%29&numero=eq.3 "HTTP/2 200 OK"
2026-02-10 19:27:31,401 - INFO - HTTP Request: DELETE https://bxdxztbdsxyyvvavvtoo.supabase.co/rest/v1/predicciones?carrera_id=eq.925 "HTTP/2 200 OK"
2026-02-10 19:27:31,569 - INFO - HTTP Request: POST https://bxdxztbdsxyyvvavvtoo.supabase.co/rest/v1/predicciones "HTTP/2 201 Created"
2026-02-10 19:27:31,755 - INFO - HTTP Request: POST https://bxdxztbdsxyyvvavvtoo.supabase.co/rest/v1/predicciones "HTTP/2 201 Created"
2026-02-10 19:27:31,928 - INFO - HTTP Request: POST https://bxdxztbdsxyyvvavvtoo.supabase.co/rest/v1/predicciones "HTTP/2 201 Created"
2026-02-10 19:27:32,100 - INFO - HTTP Request: POST https://bxdxztbdsxyyvvavvtoo.supabase.co/rest/v1/predicciones "HTTP/2 201 Created"
2026-02-10 19:27:32,283 - INFO - HTTP Request: GET https://bxdxztbdsxyyvvavvtoo.supabase.co/rest/v1/carreras?select=id%2Cjornadas%21inner%28fecha%2Chipodromos%21inner%28nombre%29%29&numero=eq.4 "HTTP/2 200 OK"
2026-02-10 19:27:32,465 - INFO - HTTP Request: DELETE https://bxdxztbdsxyyvvavvtoo.supabase.co/rest/v1/predicciones?carrera_id=eq.926 "HTTP/2 200 OK"
2026-02-10 19:27:32,628 - INFO - HTTP Request: POST https://bxdxztbdsxyyvvavvtoo.supabase.co/rest/v1/predicciones "HTTP/2 201 Created"
2026-02-10 19:27:32,799 - INFO - HTTP Request: POST https://bxdxztbdsxyyvvavvtoo.supabase.co/rest/v1/predicciones "HTTP/2 201 Created"
2026-02-10 19:27:32,970 - INFO - HTTP Request: POST https://bxdxztbdsxyyvvavvtoo.supabase.co/rest/v1/predicciones "HTTP/2 201 Created"
2026-02-10 19:27:33,162 - INFO - HTTP Request: POST https://bxdxztbdsxyyvvavvtoo.supabase.co/rest/v1/predicciones "HTTP/2 201 Created"
2026-02-10 19:27:33,332 - INFO - HTTP Request: GET https://bxdxztbdsxyyvvavvtoo.supabase.co/rest/v1/carreras?select=id%2Cjornadas%21inner%28fecha%2Chipodromos%21inner%28nombre%29%29&numero=eq.5 "HTTP/2 200 OK"
2026-02-10 19:27:33,523 - INFO - HTTP Request: DELETE https://bxdxztbdsxyyvvavvtoo.supabase.co/rest/v1/predicciones?carrera_id=eq.927 "HTTP/2 200 OK"
2026-02-10 19:27:33,707 - INFO - HTTP Request: POST https://bxdxztbdsxyyvvavvtoo.supabase.co/rest/v1/predicciones "HTTP/2 201 Created"
2026-02-10 19:27:33,875 - INFO - HTTP Request: POST https://bxdxztbdsxyyvvavvtoo.supabase.co/rest/v1/predicciones "HTTP/2 201 Created"
2026-02-10 19:27:34,049 - INFO - HTTP Request: POST https://bxdxztbdsxyyvvavvtoo.supabase.co/rest/v1/predicciones "HTTP/2 201 Created"
2026-02-10 19:27:34,209 - INFO - HTTP Request: POST https://bxdxztbdsxyyvvavvtoo.supabase.co/rest/v1/predicciones "HTTP/2 201 Created"
2026-02-10 19:27:34,378 - INFO - HTTP Request: GET https://bxdxztbdsxyyvvavvtoo.supabase.co/rest/v1/carreras?select=id%2Cjornadas%21inner%28fecha%2Chipodromos%21inner%28nombre%29%29&numero=eq.6 "HTTP/2 200 OK"
2026-02-10 19:27:34,551 - INFO - HTTP Request: DELETE https://bxdxztbdsxyyvvavvtoo.supabase.co/rest/v1/predicciones?carrera_id=eq.928 "HTTP/2 200 OK"
2026-02-10 19:27:34,732 - INFO - HTTP Request: POST https://bxdxztbdsxyyvvavvtoo.supabase.co/rest/v1/predicciones "HTTP/2 201 Created"
2026-02-10 19:27:34,907 - INFO - HTTP Request: POST https://bxdxztbdsxyyvvavvtoo.supabase.co/rest/v1/predicciones "HTTP/2 201 Created"
2026-02-10 19:27:35,068 - INFO - HTTP Request: POST https://bxdxztbdsxyyvvavvtoo.supabase.co/rest/v1/predicciones "HTTP/2 201 Created"
2026-02-10 19:27:35,279 - INFO - HTTP Request: POST https://bxdxztbdsxyyvvavvtoo.supabase.co/rest/v1/predicciones "HTTP/2 201 Created"
2026-02-10 19:27:35,454 - INFO - HTTP Request: GET https://bxdxztbdsxyyvvavvtoo.supabase.co/rest/v1/carreras?select=id%2Cjornadas%21inner%28fecha%2Chipodromos%21inner%28nombre%29%29&numero=eq.7 "HTTP/2 200 OK"
2026-02-10 19:27:35,636 - INFO - HTTP Request: DELETE https://bxdxztbdsxyyvvavvtoo.supabase.co/rest/v1/predicciones?carrera_id=eq.929 "HTTP/2 200 OK"
2026-02-10 19:27:35,805 - INFO - HTTP Request: POST https://bxdxztbdsxyyvvavvtoo.supabase.co/rest/v1/predicciones "HTTP/2 201 Created"
2026-02-10 19:27:36,004 - INFO - HTTP Request: POST https://bxdxztbdsxyyvvavvtoo.supabase.co/rest/v1/predicciones "HTTP/2 201 Created"
2026-02-10 19:27:36,184 - INFO - HTTP Request: POST https://bxdxztbdsxyyvvavvtoo.supabase.co/rest/v1/predicciones "HTTP/2 201 Created"
2026-02-10 19:27:36,359 - INFO - HTTP Request: POST https://bxdxztbdsxyyvvavvtoo.supabase.co/rest/v1/predicciones "HTTP/2 201 Created"
2026-02-10 19:27:36,525 - INFO - HTTP Request: GET https://bxdxztbdsxyyvvavvtoo.supabase.co/rest/v1/carreras?select=id%2Cjornadas%21inner%28fecha%2Chipodromos%21inner%28nombre%29%29&numero=eq.8 "HTTP/2 200 OK"
2026-02-10 19:27:36,712 - INFO - HTTP Request: DELETE https://bxdxztbdsxyyvvavvtoo.supabase.co/rest/v1/predicciones?carrera_id=eq.930 "HTTP/2 200 OK"
2026-02-10 19:27:36,890 - INFO - HTTP Request: POST https://bxdxztbdsxyyvvavvtoo.supabase.co/rest/v1/predicciones "HTTP/2 201 Created"
2026-02-10 19:27:37,057 - INFO - HTTP Request: POST https://bxdxztbdsxyyvvavvtoo.supabase.co/rest/v1/predicciones "HTTP/2 201 Created"
2026-02-10 19:27:37,242 - INFO - HTTP Request: POST https://bxdxztbdsxyyvvavvtoo.supabase.co/rest/v1/predicciones "HTTP/2 201 Created"
2026-02-10 19:27:37,405 - INFO - HTTP Request: POST https://bxdxztbdsxyyvvavvtoo.supabase.co/rest/v1/predicciones "HTTP/2 201 Created"
2026-02-10 19:27:37,619 - INFO - HTTP Request: GET https://bxdxztbdsxyyvvavvtoo.supabase.co/rest/v1/carreras?select=id%2Cjornadas%21inner%28fecha%2Chipodromos%21inner%28nombre%29%29&numero=eq.9 "HTTP/2 200 OK"
2026-02-10 19:27:37,841 - INFO - HTTP Request: DELETE https://bxdxztbdsxyyvvavvtoo.supabase.co/rest/v1/predicciones?carrera_id=eq.931 "HTTP/2 200 OK"
2026-02-10 19:27:38,020 - INFO - HTTP Request: POST https://bxdxztbdsxyyvvavvtoo.supabase.co/rest/v1/predicciones "HTTP/2 201 Created"
2026-02-10 19:27:38,194 - INFO - HTTP Request: POST https://bxdxztbdsxyyvvavvtoo.supabase.co/rest/v1/predicciones "HTTP/2 201 Created"
2026-02-10 19:27:38,380 - INFO - HTTP Request: POST https://bxdxztbdsxyyvvavvtoo.supabase.co/rest/v1/predicciones "HTTP/2 201 Created"
2026-02-10 19:27:38,653 - INFO - HTTP Request: POST https://bxdxztbdsxyyvvavvtoo.supabase.co/rest/v1/predicciones "HTTP/2 201 Created"
2026-02-10 19:27:38,827 - INFO - HTTP Request: GET https://bxdxztbdsxyyvvavvtoo.supabase.co/rest/v1/carreras?select=id%2Cjornadas%21inner%28fecha%2Chipodromos%21inner%28nombre%29%29&numero=eq.10 "HTTP/2 200 OK"
2026-02-10 19:27:38,998 - INFO - HTTP Request: DELETE https://bxdxztbdsxyyvvavvtoo.supabase.co/rest/v1/predicciones?carrera_id=eq.921 "HTTP/2 200 OK"
2026-02-10 19:27:39,182 - INFO - HTTP Request: POST https://bxdxztbdsxyyvvavvtoo.supabase.co/rest/v1/predicciones "HTTP/2 201 Created"
2026-02-10 19:27:39,349 - INFO - HTTP Request: POST https://bxdxztbdsxyyvvavvtoo.supabase.co/rest/v1/predicciones "HTTP/2 201 Created"
2026-02-10 19:27:39,553 - INFO - HTTP Request: POST https://bxdxztbdsxyyvvavvtoo.supabase.co/rest/v1/predicciones "HTTP/2 201 Created"
2026-02-10 19:27:39,717 - INFO - HTTP Request: POST https://bxdxztbdsxyyvvavvtoo.supabase.co/rest/v1/predicciones "HTTP/2 201 Created"
2026-02-10 19:27:39,907 - INFO - HTTP Request: GET https://bxdxztbdsxyyvvavvtoo.supabase.co/rest/v1/carreras?select=id%2Cjornadas%21inner%28fecha%2Chipodromos%21inner%28nombre%29%29&numero=eq.11 "HTTP/2 200 OK"
2026-02-10 19:27:40,074 - INFO - HTTP Request: DELETE https://bxdxztbdsxyyvvavvtoo.supabase.co/rest/v1/predicciones?carrera_id=eq.922 "HTTP/2 200 OK"
2026-02-10 19:27:40,265 - INFO - HTTP Request: POST https://bxdxztbdsxyyvvavvtoo.supabase.co/rest/v1/predicciones "HTTP/2 201 Created"
2026-02-10 19:27:40,439 - INFO - HTTP Request: POST https://bxdxztbdsxyyvvavvtoo.supabase.co/rest/v1/predicciones "HTTP/2 201 Created"
2026-02-10 19:27:40,606 - INFO - HTTP Request: POST https://bxdxztbdsxyyvvavvtoo.supabase.co/rest/v1/predicciones "HTTP/2 201 Created"
2026-02-10 19:27:40,787 - INFO - HTTP Request: POST https://bxdxztbdsxyyvvavvtoo.supabase.co/rest/v1/predicciones "HTTP/2 201 Created"
2026-02-10 19:27:40,959 - INFO - HTTP Request: GET https://bxdxztbdsxyyvvavvtoo.supabase.co/rest/v1/carreras?select=id%2Cjornadas%21inner%28fecha%2Chipodromos%21inner%28nombre%29%29&numero=eq.12 "HTTP/2 200 OK"
2026-02-10 19:27:41,168 - INFO - HTTP Request: DELETE https://bxdxztbdsxyyvvavvtoo.supabase.co/rest/v1/predicciones?carrera_id=eq.923 "HTTP/2 200 OK"
2026-02-10 19:27:41,354 - INFO - HTTP Request: POST https://bxdxztbdsxyyvvavvtoo.supabase.co/rest/v1/predicciones "HTTP/2 201 Created"
2026-02-10 19:27:41,546 - INFO - HTTP Request: POST https://bxdxztbdsxyyvvavvtoo.supabase.co/rest/v1/predicciones "HTTP/2 201 Created"
2026-02-10 19:27:41,719 - INFO - HTTP Request: POST https://bxdxztbdsxyyvvavvtoo.supabase.co/rest/v1/predicciones "HTTP/2 201 Created"
2026-02-10 19:27:41,894 - INFO - HTTP Request: POST https://bxdxztbdsxyyvvavvtoo.supabase.co/rest/v1/predicciones "HTTP/2 201 Created"
2026-02-10 19:27:42,118 - INFO - HTTP Request: GET https://bxdxztbdsxyyvvavvtoo.supabase.co/rest/v1/carreras?select=id%2Cjornadas%21inner%28fecha%2Chipodromos%21inner%28nombre%29%29&numero=eq.1 "HTTP/2 200 OK"
2026-02-10 19:27:42,305 - INFO - HTTP Request: DELETE https://bxdxztbdsxyyvvavvtoo.supabase.co/rest/v1/predicciones?carrera_id=eq.951 "HTTP/2 200 OK"
2026-02-10 19:27:42,516 - INFO - HTTP Request: POST https://bxdxztbdsxyyvvavvtoo.supabase.co/rest/v1/predicciones "HTTP/2 201 Created"
2026-02-10 19:27:42,714 - INFO - HTTP Request: POST https://bxdxztbdsxyyvvavvtoo.supabase.co/rest/v1/predicciones "HTTP/2 201 Created"
2026-02-10 19:27:42,903 - INFO - HTTP Request: POST https://bxdxztbdsxyyvvavvtoo.supabase.co/rest/v1/predicciones "HTTP/2 201 Created"
2026-02-10 19:27:43,078 - INFO - HTTP Request: POST https://bxdxztbdsxyyvvavvtoo.supabase.co/rest/v1/predicciones "HTTP/2 201 Created"
2026-02-10 19:27:43,316 - INFO - HTTP Request: GET https://bxdxztbdsxyyvvavvtoo.supabase.co/rest/v1/carreras?select=id%2Cjornadas%21inner%28fecha%2Chipodromos%21inner%28nombre%29%29&numero=eq.2 "HTTP/2 200 OK"
2026-02-10 19:27:43,516 - INFO - HTTP Request: DELETE https://bxdxztbdsxyyvvavvtoo.supabase.co/rest/v1/predicciones?carrera_id=eq.952 "HTTP/2 200 OK"
2026-02-10 19:27:43,680 - INFO - HTTP Request: POST https://bxdxztbdsxyyvvavvtoo.supabase.co/rest/v1/predicciones "HTTP/2 201 Created"
2026-02-10 19:27:43,849 - INFO - HTTP Request: POST https://bxdxztbdsxyyvvavvtoo.supabase.co/rest/v1/predicciones "HTTP/2 201 Created"
2026-02-10 19:27:44,016 - INFO - HTTP Request: POST https://bxdxztbdsxyyvvavvtoo.supabase.co/rest/v1/predicciones "HTTP/2 201 Created"
2026-02-10 19:27:44,185 - INFO - HTTP Request: POST https://bxdxztbdsxyyvvavvtoo.supabase.co/rest/v1/predicciones "HTTP/2 201 Created"
2026-02-10 19:27:44,350 - INFO - HTTP Request: GET https://bxdxztbdsxyyvvavvtoo.supabase.co/rest/v1/carreras?select=id%2Cjornadas%21inner%28fecha%2Chipodromos%21inner%28nombre%29%29&numero=eq.3 "HTTP/2 200 OK"
2026-02-10 19:27:44,549 - INFO - HTTP Request: DELETE https://bxdxztbdsxyyvvavvtoo.supabase.co/rest/v1/predicciones?carrera_id=eq.953 "HTTP/2 200 OK"
2026-02-10 19:27:44,715 - INFO - HTTP Request: POST https://bxdxztbdsxyyvvavvtoo.supabase.co/rest/v1/predicciones "HTTP/2 201 Created"
2026-02-10 19:27:44,889 - INFO - HTTP Request: POST https://bxdxztbdsxyyvvavvtoo.supabase.co/rest/v1/predicciones "HTTP/2 201 Created"
2026-02-10 19:27:45,071 - INFO - HTTP Request: POST https://bxdxztbdsxyyvvavvtoo.supabase.co/rest/v1/predicciones "HTTP/2 201 Created"
2026-02-10 19:27:45,244 - INFO - HTTP Request: POST https://bxdxztbdsxyyvvavvtoo.supabase.co/rest/v1/predicciones "HTTP/2 201 Created"
2026-02-10 19:27:45,422 - INFO - HTTP Request: GET https://bxdxztbdsxyyvvavvtoo.supabase.co/rest/v1/carreras?select=id%2Cjornadas%21inner%28fecha%2Chipodromos%21inner%28nombre%29%29&numero=eq.4 "HTTP/2 200 OK"
2026-02-10 19:27:45,599 - INFO - HTTP Request: DELETE https://bxdxztbdsxyyvvavvtoo.supabase.co/rest/v1/predicciones?carrera_id=eq.954 "HTTP/2 200 OK"
2026-02-10 19:27:45,758 - INFO - HTTP Request: POST https://bxdxztbdsxyyvvavvtoo.supabase.co/rest/v1/predicciones "HTTP/2 201 Created"
2026-02-10 19:27:45,924 - INFO - HTTP Request: POST https://bxdxztbdsxyyvvavvtoo.supabase.co/rest/v1/predicciones "HTTP/2 201 Created"
2026-02-10 19:27:46,140 - INFO - HTTP Request: POST https://bxdxztbdsxyyvvavvtoo.supabase.co/rest/v1/predicciones "HTTP/2 201 Created"
2026-02-10 19:27:46,320 - INFO - HTTP Request: POST https://bxdxztbdsxyyvvavvtoo.supabase.co/rest/v1/predicciones "HTTP/2 201 Created"
2026-02-10 19:27:46,492 - INFO - HTTP Request: GET https://bxdxztbdsxyyvvavvtoo.supabase.co/rest/v1/carreras?select=id%2Cjornadas%21inner%28fecha%2Chipodromos%21inner%28nombre%29%29&numero=eq.5 "HTTP/2 200 OK"
2026-02-10 19:27:46,673 - INFO - HTTP Request: DELETE https://bxdxztbdsxyyvvavvtoo.supabase.co/rest/v1/predicciones?carrera_id=eq.955 "HTTP/2 200 OK"
2026-02-10 19:27:46,907 - INFO - HTTP Request: POST https://bxdxztbdsxyyvvavvtoo.supabase.co/rest/v1/predicciones "HTTP/2 201 Created"
2026-02-10 19:27:47,107 - INFO - HTTP Request: POST https://bxdxztbdsxyyvvavvtoo.supabase.co/rest/v1/predicciones "HTTP/2 201 Created"
2026-02-10 19:27:47,329 - INFO - HTTP Request: POST https://bxdxztbdsxyyvvavvtoo.supabase.co/rest/v1/predicciones "HTTP/2 201 Created"
2026-02-10 19:27:47,529 - INFO - HTTP Request: POST https://bxdxztbdsxyyvvavvtoo.supabase.co/rest/v1/predicciones "HTTP/2 201 Created"
2026-02-10 19:27:47,702 - INFO - HTTP Request: GET https://bxdxztbdsxyyvvavvtoo.supabase.co/rest/v1/carreras?select=id%2Cjornadas%21inner%28fecha%2Chipodromos%21inner%28nombre%29%29&numero=eq.6 "HTTP/2 200 OK"
2026-02-10 19:27:47,879 - INFO - HTTP Request: DELETE https://bxdxztbdsxyyvvavvtoo.supabase.co/rest/v1/predicciones?carrera_id=eq.956 "HTTP/2 200 OK"
2026-02-10 19:27:48,055 - INFO - HTTP Request: POST https://bxdxztbdsxyyvvavvtoo.supabase.co/rest/v1/predicciones "HTTP/2 201 Created"
2026-02-10 19:27:48,215 - INFO - HTTP Request: POST https://bxdxztbdsxyyvvavvtoo.supabase.co/rest/v1/predicciones "HTTP/2 201 Created"
2026-02-10 19:27:48,378 - INFO - HTTP Request: POST https://bxdxztbdsxyyvvavvtoo.supabase.co/rest/v1/predicciones "HTTP/2 201 Created"
2026-02-10 19:27:48,552 - INFO - HTTP Request: POST https://bxdxztbdsxyyvvavvtoo.supabase.co/rest/v1/predicciones "HTTP/2 201 Created"
2026-02-10 19:27:48,783 - INFO - HTTP Request: GET https://bxdxztbdsxyyvvavvtoo.supabase.co/rest/v1/carreras?select=id%2Cjornadas%21inner%28fecha%2Chipodromos%21inner%28nombre%29%29&numero=eq.7 "HTTP/2 200 OK"
2026-02-10 19:27:48,964 - INFO - HTTP Request: DELETE https://bxdxztbdsxyyvvavvtoo.supabase.co/rest/v1/predicciones?carrera_id=eq.957 "HTTP/2 200 OK"
2026-02-10 19:27:49,161 - INFO - HTTP Request: POST https://bxdxztbdsxyyvvavvtoo.supabase.co/rest/v1/predicciones "HTTP/2 201 Created"
2026-02-10 19:27:49,331 - INFO - HTTP Request: POST https://bxdxztbdsxyyvvavvtoo.supabase.co/rest/v1/predicciones "HTTP/2 201 Created"
2026-02-10 19:27:49,499 - INFO - HTTP Request: POST https://bxdxztbdsxyyvvavvtoo.supabase.co/rest/v1/predicciones "HTTP/2 201 Created"
2026-02-10 19:27:49,673 - INFO - HTTP Request: POST https://bxdxztbdsxyyvvavvtoo.supabase.co/rest/v1/predicciones "HTTP/2 201 Created"
2026-02-10 19:27:49,844 - INFO - HTTP Request: GET https://bxdxztbdsxyyvvavvtoo.supabase.co/rest/v1/carreras?select=id%2Cjornadas%21inner%28fecha%2Chipodromos%21inner%28nombre%29%29&numero=eq.8 "HTTP/2 200 OK"
2026-02-10 19:27:50,146 - INFO - HTTP Request: DELETE https://bxdxztbdsxyyvvavvtoo.supabase.co/rest/v1/predicciones?carrera_id=eq.958 "HTTP/2 200 OK"
2026-02-10 19:27:50,339 - INFO - HTTP Request: POST https://bxdxztbdsxyyvvavvtoo.supabase.co/rest/v1/predicciones "HTTP/2 201 Created"
2026-02-10 19:27:50,521 - INFO - HTTP Request: POST https://bxdxztbdsxyyvvavvtoo.supabase.co/rest/v1/predicciones "HTTP/2 201 Created"
2026-02-10 19:27:50,690 - INFO - HTTP Request: POST https://bxdxztbdsxyyvvavvtoo.supabase.co/rest/v1/predicciones "HTTP/2 201 Created"
2026-02-10 19:27:50,863 - INFO - HTTP Request: POST https://bxdxztbdsxyyvvavvtoo.supabase.co/rest/v1/predicciones "HTTP/2 201 Created"
2026-02-10 19:27:51,047 - INFO - HTTP Request: GET https://bxdxztbdsxyyvvavvtoo.supabase.co/rest/v1/carreras?select=id%2Cjornadas%21inner%28fecha%2Chipodromos%21inner%28nombre%29%29&numero=eq.9 "HTTP/2 200 OK"
2026-02-10 19:27:51,226 - INFO - HTTP Request: DELETE https://bxdxztbdsxyyvvavvtoo.supabase.co/rest/v1/predicciones?carrera_id=eq.959 "HTTP/2 200 OK"
2026-02-10 19:27:51,394 - INFO - HTTP Request: POST https://bxdxztbdsxyyvvavvtoo.supabase.co/rest/v1/predicciones "HTTP/2 201 Created"
2026-02-10 19:27:51,551 - INFO - HTTP Request: POST https://bxdxztbdsxyyvvavvtoo.supabase.co/rest/v1/predicciones "HTTP/2 201 Created"
2026-02-10 19:27:51,712 - INFO - HTTP Request: POST https://bxdxztbdsxyyvvavvtoo.supabase.co/rest/v1/predicciones "HTTP/2 201 Created"
2026-02-10 19:27:51,875 - INFO - HTTP Request: POST https://bxdxztbdsxyyvvavvtoo.supabase.co/rest/v1/predicciones "HTTP/2 201 Created"
2026-02-10 19:27:52,032 - INFO - HTTP Request: GET https://bxdxztbdsxyyvvavvtoo.supabase.co/rest/v1/carreras?select=id%2Cjornadas%21inner%28fecha%2Chipodromos%21inner%28nombre%29%29&numero=eq.10 "HTTP/2 200 OK"
2026-02-10 19:27:52,359 - INFO - HTTP Request: DELETE https://bxdxztbdsxyyvvavvtoo.supabase.co/rest/v1/predicciones?carrera_id=eq.960 "HTTP/2 200 OK"
2026-02-10 19:27:52,524 - INFO - HTTP Request: POST https://bxdxztbdsxyyvvavvtoo.supabase.co/rest/v1/predicciones "HTTP/2 201 Created"
2026-02-10 19:27:52,701 - INFO - HTTP Request: POST https://bxdxztbdsxyyvvavvtoo.supabase.co/rest/v1/predicciones "HTTP/2 201 Created"
2026-02-10 19:27:52,867 - INFO - HTTP Request: POST https://bxdxztbdsxyyvvavvtoo.supabase.co/rest/v1/predicciones "HTTP/2 201 Created"
2026-02-10 19:27:53,026 - INFO - HTTP Request: POST https://bxdxztbdsxyyvvavvtoo.supabase.co/rest/v1/predicciones "HTTP/2 201 Created"
2026-02-10 19:27:53,185 - INFO - HTTP Request: GET https://bxdxztbdsxyyvvavvtoo.supabase.co/rest/v1/carreras?select=id%2Cjornadas%21inner%28fecha%2Chipodromos%21inner%28nombre%29%29&numero=eq.11 "HTTP/2 200 OK"
2026-02-10 19:27:53,376 - INFO - HTTP Request: DELETE https://bxdxztbdsxyyvvavvtoo.supabase.co/rest/v1/predicciones?carrera_id=eq.961 "HTTP/2 200 OK"
2026-02-10 19:27:53,561 - INFO - HTTP Request: POST https://bxdxztbdsxyyvvavvtoo.supabase.co/rest/v1/predicciones "HTTP/2 201 Created"
2026-02-10 19:27:53,723 - INFO - HTTP Request: POST https://bxdxztbdsxyyvvavvtoo.supabase.co/rest/v1/predicciones "HTTP/2 201 Created"
2026-02-10 19:27:53,883 - INFO - HTTP Request: POST https://bxdxztbdsxyyvvavvtoo.supabase.co/rest/v1/predicciones "HTTP/2 201 Created"
2026-02-10 19:27:54,043 - INFO - HTTP Request: POST https://bxdxztbdsxyyvvavvtoo.supabase.co/rest/v1/predicciones "HTTP/2 201 Created"
2026-02-10 19:27:54,226 - INFO - HTTP Request: GET https://bxdxztbdsxyyvvavvtoo.supabase.co/rest/v1/carreras?select=id%2Cjornadas%21inner%28fecha%2Chipodromos%21inner%28nombre%29%29&numero=eq.12 "HTTP/2 200 OK"
2026-02-10 19:27:54,393 - INFO - HTTP Request: DELETE https://bxdxztbdsxyyvvavvtoo.supabase.co/rest/v1/predicciones?carrera_id=eq.962 "HTTP/2 200 OK"
2026-02-10 19:27:54,555 - INFO - HTTP Request: POST https://bxdxztbdsxyyvvavvtoo.supabase.co/rest/v1/predicciones "HTTP/2 201 Created"
2026-02-10 19:27:54,722 - INFO - HTTP Request: POST https://bxdxztbdsxyyvvavvtoo.supabase.co/rest/v1/predicciones "HTTP/2 201 Created"
2026-02-10 19:27:54,936 - INFO - HTTP Request: POST https://bxdxztbdsxyyvvavvtoo.supabase.co/rest/v1/predicciones "HTTP/2 201 Created"
2026-02-10 19:27:55,155 - INFO - HTTP Request: POST https://bxdxztbdsxyyvvavvtoo.supabase.co/rest/v1/predicciones "HTTP/2 201 Created"
2026-02-10 19:27:55,330 - INFO - HTTP Request: GET https://bxdxztbdsxyyvvavvtoo.supabase.co/rest/v1/carreras?select=id%2Cjornadas%21inner%28fecha%2Chipodromos%21inner%28nombre%29%29&numero=eq.1 "HTTP/2 200 OK"
2026-02-10 19:27:55,494 - INFO - HTTP Request: DELETE https://bxdxztbdsxyyvvavvtoo.supabase.co/rest/v1/predicciones?carrera_id=eq.932 "HTTP/2 200 OK"
2026-02-10 19:27:55,660 - INFO - HTTP Request: POST https://bxdxztbdsxyyvvavvtoo.supabase.co/rest/v1/predicciones "HTTP/2 201 Created"
2026-02-10 19:27:55,820 - INFO - HTTP Request: POST https://bxdxztbdsxyyvvavvtoo.supabase.co/rest/v1/predicciones "HTTP/2 201 Created"
2026-02-10 19:27:55,989 - INFO - HTTP Request: POST https://bxdxztbdsxyyvvavvtoo.supabase.co/rest/v1/predicciones "HTTP/2 201 Created"
2026-02-10 19:27:56,164 - INFO - HTTP Request: POST https://bxdxztbdsxyyvvavvtoo.supabase.co/rest/v1/predicciones "HTTP/2 201 Created"
2026-02-10 19:27:56,427 - INFO - HTTP Request: GET https://bxdxztbdsxyyvvavvtoo.supabase.co/rest/v1/carreras?select=id%2Cjornadas%21inner%28fecha%2Chipodromos%21inner%28nombre%29%29&numero=eq.2 "HTTP/2 200 OK"
2026-02-10 19:27:56,605 - INFO - HTTP Request: DELETE https://bxdxztbdsxyyvvavvtoo.supabase.co/rest/v1/predicciones?carrera_id=eq.943 "HTTP/2 200 OK"
2026-02-10 19:27:56,775 - INFO - HTTP Request: POST https://bxdxztbdsxyyvvavvtoo.supabase.co/rest/v1/predicciones "HTTP/2 201 Created"
2026-02-10 19:27:56,943 - INFO - HTTP Request: POST https://bxdxztbdsxyyvvavvtoo.supabase.co/rest/v1/predicciones "HTTP/2 201 Created"
2026-02-10 19:27:57,118 - INFO - HTTP Request: POST https://bxdxztbdsxyyvvavvtoo.supabase.co/rest/v1/predicciones "HTTP/2 201 Created"
2026-02-10 19:27:57,288 - INFO - HTTP Request: POST https://bxdxztbdsxyyvvavvtoo.supabase.co/rest/v1/predicciones "HTTP/2 201 Created"
2026-02-10 19:27:57,447 - INFO - HTTP Request: GET https://bxdxztbdsxyyvvavvtoo.supabase.co/rest/v1/carreras?select=id%2Cjornadas%21inner%28fecha%2Chipodromos%21inner%28nombre%29%29&numero=eq.3 "HTTP/2 200 OK"
2026-02-10 19:27:57,626 - INFO - HTTP Request: DELETE https://bxdxztbdsxyyvvavvtoo.supabase.co/rest/v1/predicciones?carrera_id=eq.944 "HTTP/2 200 OK"
2026-02-10 19:27:57,808 - INFO - HTTP Request: POST https://bxdxztbdsxyyvvavvtoo.supabase.co/rest/v1/predicciones "HTTP/2 201 Created"
2026-02-10 19:27:57,998 - INFO - HTTP Request: POST https://bxdxztbdsxyyvvavvtoo.supabase.co/rest/v1/predicciones "HTTP/2 201 Created"
2026-02-10 19:27:58,162 - INFO - HTTP Request: POST https://bxdxztbdsxyyvvavvtoo.supabase.co/rest/v1/predicciones "HTTP/2 201 Created"
2026-02-10 19:27:58,321 - INFO - HTTP Request: POST https://bxdxztbdsxyyvvavvtoo.supabase.co/rest/v1/predicciones "HTTP/2 201 Created"
2026-02-10 19:27:58,496 - INFO - HTTP Request: GET https://bxdxztbdsxyyvvavvtoo.supabase.co/rest/v1/carreras?select=id%2Cjornadas%21inner%28fecha%2Chipodromos%21inner%28nombre%29%29&numero=eq.4 "HTTP/2 200 OK"
2026-02-10 19:27:58,699 - INFO - HTTP Request: DELETE https://bxdxztbdsxyyvvavvtoo.supabase.co/rest/v1/predicciones?carrera_id=eq.945 "HTTP/2 200 OK"
2026-02-10 19:27:58,907 - INFO - HTTP Request: POST https://bxdxztbdsxyyvvavvtoo.supabase.co/rest/v1/predicciones "HTTP/2 201 Created"
2026-02-10 19:27:59,079 - INFO - HTTP Request: POST https://bxdxztbdsxyyvvavvtoo.supabase.co/rest/v1/predicciones "HTTP/2 201 Created"
2026-02-10 19:27:59,303 - INFO - HTTP Request: POST https://bxdxztbdsxyyvvavvtoo.supabase.co/rest/v1/predicciones "HTTP/2 201 Created"
2026-02-10 19:27:59,489 - INFO - HTTP Request: POST https://bxdxztbdsxyyvvavvtoo.supabase.co/rest/v1/predicciones "HTTP/2 201 Created"
2026-02-10 19:27:59,661 - INFO - HTTP Request: GET https://bxdxztbdsxyyvvavvtoo.supabase.co/rest/v1/carreras?select=id%2Cjornadas%21inner%28fecha%2Chipodromos%21inner%28nombre%29%29&numero=eq.5 "HTTP/2 200 OK"
2026-02-10 19:27:59,840 - INFO - HTTP Request: DELETE https://bxdxztbdsxyyvvavvtoo.supabase.co/rest/v1/predicciones?carrera_id=eq.946 "HTTP/2 200 OK"
2026-02-10 19:28:00,012 - INFO - HTTP Request: POST https://bxdxztbdsxyyvvavvtoo.supabase.co/rest/v1/predicciones "HTTP/2 201 Created"
2026-02-10 19:28:00,177 - INFO - HTTP Request: POST https://bxdxztbdsxyyvvavvtoo.supabase.co/rest/v1/predicciones "HTTP/2 201 Created"
2026-02-10 19:28:00,349 - INFO - HTTP Request: POST https://bxdxztbdsxyyvvavvtoo.supabase.co/rest/v1/predicciones "HTTP/2 201 Created"
2026-02-10 19:28:00,518 - INFO - HTTP Request: POST https://bxdxztbdsxyyvvavvtoo.supabase.co/rest/v1/predicciones "HTTP/2 201 Created"
2026-02-10 19:28:00,684 - INFO - HTTP Request: GET https://bxdxztbdsxyyvvavvtoo.supabase.co/rest/v1/carreras?select=id%2Cjornadas%21inner%28fecha%2Chipodromos%21inner%28nombre%29%29&numero=eq.6 "HTTP/2 200 OK"
2026-02-10 19:28:00,875 - INFO - HTTP Request: DELETE https://bxdxztbdsxyyvvavvtoo.supabase.co/rest/v1/predicciones?carrera_id=eq.947 "HTTP/2 200 OK"
2026-02-10 19:28:01,113 - INFO - HTTP Request: POST https://bxdxztbdsxyyvvavvtoo.supabase.co/rest/v1/predicciones "HTTP/2 201 Created"
2026-02-10 19:28:01,334 - INFO - HTTP Request: POST https://bxdxztbdsxyyvvavvtoo.supabase.co/rest/v1/predicciones "HTTP/2 201 Created"
2026-02-10 19:28:01,786 - INFO - HTTP Request: POST https://bxdxztbdsxyyvvavvtoo.supabase.co/rest/v1/predicciones "HTTP/2 201 Created"
2026-02-10 19:28:02,016 - INFO - HTTP Request: POST https://bxdxztbdsxyyvvavvtoo.supabase.co/rest/v1/predicciones "HTTP/2 201 Created"
2026-02-10 19:28:02,188 - INFO - HTTP Request: GET https://bxdxztbdsxyyvvavvtoo.supabase.co/rest/v1/carreras?select=id%2Cjornadas%21inner%28fecha%2Chipodromos%21inner%28nombre%29%29&numero=eq.7 "HTTP/2 200 OK"
2026-02-10 19:28:02,359 - INFO - HTTP Request: DELETE https://bxdxztbdsxyyvvavvtoo.supabase.co/rest/v1/predicciones?carrera_id=eq.948 "HTTP/2 200 OK"
2026-02-10 19:28:02,532 - INFO - HTTP Request: POST https://bxdxztbdsxyyvvavvtoo.supabase.co/rest/v1/predicciones "HTTP/2 201 Created"
2026-02-10 19:28:02,707 - INFO - HTTP Request: POST https://bxdxztbdsxyyvvavvtoo.supabase.co/rest/v1/predicciones "HTTP/2 201 Created"
2026-02-10 19:28:02,905 - INFO - HTTP Request: POST https://bxdxztbdsxyyvvavvtoo.supabase.co/rest/v1/predicciones "HTTP/2 201 Created"
2026-02-10 19:28:03,074 - INFO - HTTP Request: POST https://bxdxztbdsxyyvvavvtoo.supabase.co/rest/v1/predicciones "HTTP/2 201 Created"
2026-02-10 19:28:03,254 - INFO - HTTP Request: GET https://bxdxztbdsxyyvvavvtoo.supabase.co/rest/v1/carreras?select=id%2Cjornadas%21inner%28fecha%2Chipodromos%21inner%28nombre%29%29&numero=eq.8 "HTTP/2 200 OK"
2026-02-10 19:28:03,449 - INFO - HTTP Request: DELETE https://bxdxztbdsxyyvvavvtoo.supabase.co/rest/v1/predicciones?carrera_id=eq.949 "HTTP/2 200 OK"
2026-02-10 19:28:03,640 - INFO - HTTP Request: POST https://bxdxztbdsxyyvvavvtoo.supabase.co/rest/v1/predicciones "HTTP/2 201 Created"
2026-02-10 19:28:03,823 - INFO - HTTP Request: POST https://bxdxztbdsxyyvvavvtoo.supabase.co/rest/v1/predicciones "HTTP/2 201 Created"
2026-02-10 19:28:04,007 - INFO - HTTP Request: POST https://bxdxztbdsxyyvvavvtoo.supabase.co/rest/v1/predicciones "HTTP/2 201 Created"
2026-02-10 19:28:04,182 - INFO - HTTP Request: POST https://bxdxztbdsxyyvvavvtoo.supabase.co/rest/v1/predicciones "HTTP/2 201 Created"
2026-02-10 19:28:04,351 - INFO - HTTP Request: GET https://bxdxztbdsxyyvvavvtoo.supabase.co/rest/v1/carreras?select=id%2Cjornadas%21inner%28fecha%2Chipodromos%21inner%28nombre%29%29&numero=eq.9 "HTTP/2 200 OK"
2026-02-10 19:28:04,511 - INFO - HTTP Request: DELETE https://bxdxztbdsxyyvvavvtoo.supabase.co/rest/v1/predicciones?carrera_id=eq.950 "HTTP/2 200 OK"
2026-02-10 19:28:04,684 - INFO - HTTP Request: POST https://bxdxztbdsxyyvvavvtoo.supabase.co/rest/v1/predicciones "HTTP/2 201 Created"
2026-02-10 19:28:04,851 - INFO - HTTP Request: POST https://bxdxztbdsxyyvvavvtoo.supabase.co/rest/v1/predicciones "HTTP/2 201 Created"
2026-02-10 19:28:05,033 - INFO - HTTP Request: POST https://bxdxztbdsxyyvvavvtoo.supabase.co/rest/v1/predicciones "HTTP/2 201 Created"
2026-02-10 19:28:05,197 - INFO - HTTP Request: POST https://bxdxztbdsxyyvvavvtoo.supabase.co/rest/v1/predicciones "HTTP/2 201 Created"
2026-02-10 19:28:05,403 - INFO - HTTP Request: GET https://bxdxztbdsxyyvvavvtoo.supabase.co/rest/v1/carreras?select=id%2Cjornadas%21inner%28fecha%2Chipodromos%21inner%28nombre%29%29&numero=eq.10 "HTTP/2 200 OK"
2026-02-10 19:28:05,604 - INFO - HTTP Request: DELETE https://bxdxztbdsxyyvvavvtoo.supabase.co/rest/v1/predicciones?carrera_id=eq.933 "HTTP/2 200 OK"
2026-02-10 19:28:05,805 - INFO - HTTP Request: POST https://bxdxztbdsxyyvvavvtoo.supabase.co/rest/v1/predicciones "HTTP/2 201 Created"
2026-02-10 19:28:05,984 - INFO - HTTP Request: POST https://bxdxztbdsxyyvvavvtoo.supabase.co/rest/v1/predicciones "HTTP/2 201 Created"
2026-02-10 19:28:06,157 - INFO - HTTP Request: POST https://bxdxztbdsxyyvvavvtoo.supabase.co/rest/v1/predicciones "HTTP/2 201 Created"
2026-02-10 19:28:06,346 - INFO - HTTP Request: POST https://bxdxztbdsxyyvvavvtoo.supabase.co/rest/v1/predicciones "HTTP/2 201 Created"
2026-02-10 19:28:06,508 - INFO - HTTP Request: GET https://bxdxztbdsxyyvvavvtoo.supabase.co/rest/v1/carreras?select=id%2Cjornadas%21inner%28fecha%2Chipodromos%21inner%28nombre%29%29&numero=eq.11 "HTTP/2 200 OK"
2026-02-10 19:28:06,704 - INFO - HTTP Request: DELETE https://bxdxztbdsxyyvvavvtoo.supabase.co/rest/v1/predicciones?carrera_id=eq.934 "HTTP/2 200 OK"
2026-02-10 19:28:06,878 - INFO - HTTP Request: POST https://bxdxztbdsxyyvvavvtoo.supabase.co/rest/v1/predicciones "HTTP/2 201 Created"
2026-02-10 19:28:07,050 - INFO - HTTP Request: POST https://bxdxztbdsxyyvvavvtoo.supabase.co/rest/v1/predicciones "HTTP/2 201 Created"
2026-02-10 19:28:07,437 - INFO - HTTP Request: POST https://bxdxztbdsxyyvvavvtoo.supabase.co/rest/v1/predicciones "HTTP/2 201 Created"
2026-02-10 19:28:07,607 - INFO - HTTP Request: POST https://bxdxztbdsxyyvvavvtoo.supabase.co/rest/v1/predicciones "HTTP/2 201 Created"
2026-02-10 19:28:07,786 - INFO - HTTP Request: GET https://bxdxztbdsxyyvvavvtoo.supabase.co/rest/v1/carreras?select=id%2Cjornadas%21inner%28fecha%2Chipodromos%21inner%28nombre%29%29&numero=eq.12 "HTTP/2 200 OK"
2026-02-10 19:28:07,975 - INFO - HTTP Request: DELETE https://bxdxztbdsxyyvvavvtoo.supabase.co/rest/v1/predicciones?carrera_id=eq.935 "HTTP/2 200 OK"
2026-02-10 19:28:08,141 - INFO - HTTP Request: POST https://bxdxztbdsxyyvvavvtoo.supabase.co/rest/v1/predicciones "HTTP/2 201 Created"
2026-02-10 19:28:08,344 - INFO - HTTP Request: POST https://bxdxztbdsxyyvvavvtoo.supabase.co/rest/v1/predicciones "HTTP/2 201 Created"
2026-02-10 19:28:08,511 - INFO - HTTP Request: POST https://bxdxztbdsxyyvvavvtoo.supabase.co/rest/v1/predicciones "HTTP/2 201 Created"
2026-02-10 19:28:08,683 - INFO - HTTP Request: POST https://bxdxztbdsxyyvvavvtoo.supabase.co/rest/v1/predicciones "HTTP/2 201 Created"
2026-02-10 19:28:08,895 - INFO - HTTP Request: GET https://bxdxztbdsxyyvvavvtoo.supabase.co/rest/v1/carreras?select=id%2Cjornadas%21inner%28fecha%2Chipodromos%21inner%28nombre%29%29&numero=eq.13 "HTTP/2 200 OK"
2026-02-10 19:28:09,070 - INFO - HTTP Request: DELETE https://bxdxztbdsxyyvvavvtoo.supabase.co/rest/v1/predicciones?carrera_id=eq.936 "HTTP/2 200 OK"
2026-02-10 19:28:09,239 - INFO - HTTP Request: POST https://bxdxztbdsxyyvvavvtoo.supabase.co/rest/v1/predicciones "HTTP/2 201 Created"
2026-02-10 19:28:09,404 - INFO - HTTP Request: POST https://bxdxztbdsxyyvvavvtoo.supabase.co/rest/v1/predicciones "HTTP/2 201 Created"
2026-02-10 19:28:09,581 - INFO - HTTP Request: POST https://bxdxztbdsxyyvvavvtoo.supabase.co/rest/v1/predicciones "HTTP/2 201 Created"
2026-02-10 19:28:09,784 - INFO - HTTP Request: POST https://bxdxztbdsxyyvvavvtoo.supabase.co/rest/v1/predicciones "HTTP/2 201 Created"
2026-02-10 19:28:09,958 - INFO - HTTP Request: GET https://bxdxztbdsxyyvvavvtoo.supabase.co/rest/v1/carreras?select=id%2Cjornadas%21inner%28fecha%2Chipodromos%21inner%28nombre%29%29&numero=eq.14 "HTTP/2 200 OK"
2026-02-10 19:28:10,176 - INFO - HTTP Request: DELETE https://bxdxztbdsxyyvvavvtoo.supabase.co/rest/v1/predicciones?carrera_id=eq.937 "HTTP/2 200 OK"
2026-02-10 19:28:10,369 - INFO - HTTP Request: POST https://bxdxztbdsxyyvvavvtoo.supabase.co/rest/v1/predicciones "HTTP/2 201 Created"
2026-02-10 19:28:10,582 - INFO - HTTP Request: POST https://bxdxztbdsxyyvvavvtoo.supabase.co/rest/v1/predicciones "HTTP/2 201 Created"
2026-02-10 19:28:10,799 - INFO - HTTP Request: POST https://bxdxztbdsxyyvvavvtoo.supabase.co/rest/v1/predicciones "HTTP/2 201 Created"
2026-02-10 19:28:11,019 - INFO - HTTP Request: POST https://bxdxztbdsxyyvvavvtoo.supabase.co/rest/v1/predicciones "HTTP/2 201 Created"
2026-02-10 19:28:11,189 - INFO - HTTP Request: GET https://bxdxztbdsxyyvvavvtoo.supabase.co/rest/v1/carreras?select=id%2Cjornadas%21inner%28fecha%2Chipodromos%21inner%28nombre%29%29&numero=eq.15 "HTTP/2 200 OK"
2026-02-10 19:28:11,385 - INFO - HTTP Request: DELETE https://bxdxztbdsxyyvvavvtoo.supabase.co/rest/v1/predicciones?carrera_id=eq.938 "HTTP/2 200 OK"
2026-02-10 19:28:11,558 - INFO - HTTP Request: POST https://bxdxztbdsxyyvvavvtoo.supabase.co/rest/v1/predicciones "HTTP/2 201 Created"
2026-02-10 19:28:11,729 - INFO - HTTP Request: POST https://bxdxztbdsxyyvvavvtoo.supabase.co/rest/v1/predicciones "HTTP/2 201 Created"
2026-02-10 19:28:11,951 - INFO - HTTP Request: POST https://bxdxztbdsxyyvvavvtoo.supabase.co/rest/v1/predicciones "HTTP/2 201 Created"
2026-02-10 19:28:12,137 - INFO - HTTP Request: POST https://bxdxztbdsxyyvvavvtoo.supabase.co/rest/v1/predicciones "HTTP/2 201 Created"
2026-02-10 19:28:12,298 - INFO - HTTP Request: GET https://bxdxztbdsxyyvvavvtoo.supabase.co/rest/v1/carreras?select=id%2Cjornadas%21inner%28fecha%2Chipodromos%21inner%28nombre%29%29&numero=eq.16 "HTTP/2 200 OK"
2026-02-10 19:28:12,467 - INFO - HTTP Request: DELETE https://bxdxztbdsxyyvvavvtoo.supabase.co/rest/v1/predicciones?carrera_id=eq.939 "HTTP/2 200 OK"
2026-02-10 19:28:12,654 - INFO - HTTP Request: POST https://bxdxztbdsxyyvvavvtoo.supabase.co/rest/v1/predicciones "HTTP/2 201 Created"
2026-02-10 19:28:12,851 - INFO - HTTP Request: POST https://bxdxztbdsxyyvvavvtoo.supabase.co/rest/v1/predicciones "HTTP/2 201 Created"
2026-02-10 19:28:13,027 - INFO - HTTP Request: POST https://bxdxztbdsxyyvvavvtoo.supabase.co/rest/v1/predicciones "HTTP/2 201 Created"
2026-02-10 19:28:13,201 - INFO - HTTP Request: POST https://bxdxztbdsxyyvvavvtoo.supabase.co/rest/v1/predicciones "HTTP/2 201 Created"
2026-02-10 19:28:13,375 - INFO - HTTP Request: GET https://bxdxztbdsxyyvvavvtoo.supabase.co/rest/v1/carreras?select=id%2Cjornadas%21inner%28fecha%2Chipodromos%21inner%28nombre%29%29&numero=eq.17 "HTTP/2 200 OK"
2026-02-10 19:28:13,570 - INFO - HTTP Request: DELETE https://bxdxztbdsxyyvvavvtoo.supabase.co/rest/v1/predicciones?carrera_id=eq.940 "HTTP/2 200 OK"
2026-02-10 19:28:13,732 - INFO - HTTP Request: POST https://bxdxztbdsxyyvvavvtoo.supabase.co/rest/v1/predicciones "HTTP/2 201 Created"
2026-02-10 19:28:13,910 - INFO - HTTP Request: POST https://bxdxztbdsxyyvvavvtoo.supabase.co/rest/v1/predicciones "HTTP/2 201 Created"
2026-02-10 19:28:14,073 - INFO - HTTP Request: POST https://bxdxztbdsxyyvvavvtoo.supabase.co/rest/v1/predicciones "HTTP/2 201 Created"
2026-02-10 19:28:14,274 - INFO - HTTP Request: POST https://bxdxztbdsxyyvvavvtoo.supabase.co/rest/v1/predicciones "HTTP/2 201 Created"
2026-02-10 19:28:14,439 - INFO - HTTP Request: GET https://bxdxztbdsxyyvvavvtoo.supabase.co/rest/v1/carreras?select=id%2Cjornadas%21inner%28fecha%2Chipodromos%21inner%28nombre%29%29&numero=eq.18 "HTTP/2 200 OK"
2026-02-10 19:28:14,605 - INFO - HTTP Request: DELETE https://bxdxztbdsxyyvvavvtoo.supabase.co/rest/v1/predicciones?carrera_id=eq.941 "HTTP/2 200 OK"
2026-02-10 19:28:14,771 - INFO - HTTP Request: POST https://bxdxztbdsxyyvvavvtoo.supabase.co/rest/v1/predicciones "HTTP/2 201 Created"
2026-02-10 19:28:14,972 - INFO - HTTP Request: POST https://bxdxztbdsxyyvvavvtoo.supabase.co/rest/v1/predicciones "HTTP/2 201 Created"
2026-02-10 19:28:15,157 - INFO - HTTP Request: POST https://bxdxztbdsxyyvvavvtoo.supabase.co/rest/v1/predicciones "HTTP/2 201 Created"
2026-02-10 19:28:15,325 - INFO - HTTP Request: POST https://bxdxztbdsxyyvvavvtoo.supabase.co/rest/v1/predicciones "HTTP/2 201 Created"
2026-02-10 19:28:15,486 - INFO - HTTP Request: GET https://bxdxztbdsxyyvvavvtoo.supabase.co/rest/v1/carreras?select=id%2Cjornadas%21inner%28fecha%2Chipodromos%21inner%28nombre%29%29&numero=eq.19 "HTTP/2 200 OK"
2026-02-10 19:28:15,663 - INFO - HTTP Request: DELETE https://bxdxztbdsxyyvvavvtoo.supabase.co/rest/v1/predicciones?carrera_id=eq.942 "HTTP/2 200 OK"
2026-02-10 19:28:15,839 - INFO - HTTP Request: POST https://bxdxztbdsxyyvvavvtoo.supabase.co/rest/v1/predicciones "HTTP/2 201 Created"
2026-02-10 19:28:16,007 - INFO - HTTP Request: POST https://bxdxztbdsxyyvvavvtoo.supabase.co/rest/v1/predicciones "HTTP/2 201 Created"
2026-02-10 19:28:16,187 - INFO - HTTP Request: POST https://bxdxztbdsxyyvvavvtoo.supabase.co/rest/v1/predicciones "HTTP/2 201 Created"
2026-02-10 19:28:16,367 - INFO - HTTP Request: POST https://bxdxztbdsxyyvvavvtoo.supabase.co/rest/v1/predicciones "HTTP/2 201 Created"
2026-02-10 19:28:16,540 - INFO - HTTP Request: GET https://bxdxztbdsxyyvvavvtoo.supabase.co/rest/v1/carreras?select=id%2Cjornadas%21inner%28fecha%2Chipodromos%21inner%28nombre%29%29&numero=eq.1 "HTTP/2 200 OK"
2026-02-10 19:28:16,703 - INFO - HTTP Request: DELETE https://bxdxztbdsxyyvvavvtoo.supabase.co/rest/v1/predicciones?carrera_id=eq.981 "HTTP/2 200 OK"
2026-02-10 19:28:16,863 - INFO - HTTP Request: POST https://bxdxztbdsxyyvvavvtoo.supabase.co/rest/v1/predicciones "HTTP/2 201 Created"
2026-02-10 19:28:17,032 - INFO - HTTP Request: POST https://bxdxztbdsxyyvvavvtoo.supabase.co/rest/v1/predicciones "HTTP/2 201 Created"
2026-02-10 19:28:17,196 - INFO - HTTP Request: POST https://bxdxztbdsxyyvvavvtoo.supabase.co/rest/v1/predicciones "HTTP/2 201 Created"
2026-02-10 19:28:17,366 - INFO - HTTP Request: POST https://bxdxztbdsxyyvvavvtoo.supabase.co/rest/v1/predicciones "HTTP/2 201 Created"
2026-02-10 19:28:17,540 - INFO - HTTP Request: GET https://bxdxztbdsxyyvvavvtoo.supabase.co/rest/v1/carreras?select=id%2Cjornadas%21inner%28fecha%2Chipodromos%21inner%28nombre%29%29&numero=eq.2 "HTTP/2 200 OK"
2026-02-10 19:28:17,713 - INFO - HTTP Request: DELETE https://bxdxztbdsxyyvvavvtoo.supabase.co/rest/v1/predicciones?carrera_id=eq.992 "HTTP/2 200 OK"
2026-02-10 19:28:17,885 - INFO - HTTP Request: POST https://bxdxztbdsxyyvvavvtoo.supabase.co/rest/v1/predicciones "HTTP/2 201 Created"
2026-02-10 19:28:18,050 - INFO - HTTP Request: POST https://bxdxztbdsxyyvvavvtoo.supabase.co/rest/v1/predicciones "HTTP/2 201 Created"
2026-02-10 19:28:18,221 - INFO - HTTP Request: POST https://bxdxztbdsxyyvvavvtoo.supabase.co/rest/v1/predicciones "HTTP/2 201 Created"
2026-02-10 19:28:18,420 - INFO - HTTP Request: POST https://bxdxztbdsxyyvvavvtoo.supabase.co/rest/v1/predicciones "HTTP/2 201 Created"
2026-02-10 19:28:18,577 - INFO - HTTP Request: GET https://bxdxztbdsxyyvvavvtoo.supabase.co/rest/v1/carreras?select=id%2Cjornadas%21inner%28fecha%2Chipodromos%21inner%28nombre%29%29&numero=eq.3 "HTTP/2 200 OK"
2026-02-10 19:28:18,750 - INFO - HTTP Request: DELETE https://bxdxztbdsxyyvvavvtoo.supabase.co/rest/v1/predicciones?carrera_id=eq.995 "HTTP/2 200 OK"
2026-02-10 19:28:18,952 - INFO - HTTP Request: POST https://bxdxztbdsxyyvvavvtoo.supabase.co/rest/v1/predicciones "HTTP/2 201 Created"
2026-02-10 19:28:19,110 - INFO - HTTP Request: POST https://bxdxztbdsxyyvvavvtoo.supabase.co/rest/v1/predicciones "HTTP/2 201 Created"
2026-02-10 19:28:19,270 - INFO - HTTP Request: POST https://bxdxztbdsxyyvvavvtoo.supabase.co/rest/v1/predicciones "HTTP/2 201 Created"
2026-02-10 19:28:19,434 - INFO - HTTP Request: POST https://bxdxztbdsxyyvvavvtoo.supabase.co/rest/v1/predicciones "HTTP/2 201 Created"
2026-02-10 19:28:19,635 - INFO - HTTP Request: GET https://bxdxztbdsxyyvvavvtoo.supabase.co/rest/v1/carreras?select=id%2Cjornadas%21inner%28fecha%2Chipodromos%21inner%28nombre%29%29&numero=eq.4 "HTTP/2 200 OK"
2026-02-10 19:28:19,804 - INFO - HTTP Request: DELETE https://bxdxztbdsxyyvvavvtoo.supabase.co/rest/v1/predicciones?carrera_id=eq.996 "HTTP/2 200 OK"
2026-02-10 19:28:20,205 - INFO - HTTP Request: POST https://bxdxztbdsxyyvvavvtoo.supabase.co/rest/v1/predicciones "HTTP/2 201 Created"
2026-02-10 19:28:20,374 - INFO - HTTP Request: POST https://bxdxztbdsxyyvvavvtoo.supabase.co/rest/v1/predicciones "HTTP/2 201 Created"
2026-02-10 19:28:20,583 - INFO - HTTP Request: POST https://bxdxztbdsxyyvvavvtoo.supabase.co/rest/v1/predicciones "HTTP/2 201 Created"
2026-02-10 19:28:20,782 - INFO - HTTP Request: POST https://bxdxztbdsxyyvvavvtoo.supabase.co/rest/v1/predicciones "HTTP/2 201 Created"
2026-02-10 19:28:21,088 - INFO - HTTP Request: GET https://bxdxztbdsxyyvvavvtoo.supabase.co/rest/v1/carreras?select=id%2Cjornadas%21inner%28fecha%2Chipodromos%21inner%28nombre%29%29&numero=eq.5 "HTTP/2 200 OK"
2026-02-10 19:28:21,257 - INFO - HTTP Request: DELETE https://bxdxztbdsxyyvvavvtoo.supabase.co/rest/v1/predicciones?carrera_id=eq.997 "HTTP/2 200 OK"
2026-02-10 19:28:21,424 - INFO - HTTP Request: POST https://bxdxztbdsxyyvvavvtoo.supabase.co/rest/v1/predicciones "HTTP/2 201 Created"
2026-02-10 19:28:21,584 - INFO - HTTP Request: POST https://bxdxztbdsxyyvvavvtoo.supabase.co/rest/v1/predicciones "HTTP/2 201 Created"
2026-02-10 19:28:21,746 - INFO - HTTP Request: POST https://bxdxztbdsxyyvvavvtoo.supabase.co/rest/v1/predicciones "HTTP/2 201 Created"
2026-02-10 19:28:21,933 - INFO - HTTP Request: POST https://bxdxztbdsxyyvvavvtoo.supabase.co/rest/v1/predicciones "HTTP/2 201 Created"
2026-02-10 19:28:22,113 - INFO - HTTP Request: GET https://bxdxztbdsxyyvvavvtoo.supabase.co/rest/v1/carreras?select=id%2Cjornadas%21inner%28fecha%2Chipodromos%21inner%28nombre%29%29&numero=eq.6 "HTTP/2 200 OK"
2026-02-10 19:28:22,287 - INFO - HTTP Request: DELETE https://bxdxztbdsxyyvvavvtoo.supabase.co/rest/v1/predicciones?carrera_id=eq.998 "HTTP/2 200 OK"
2026-02-10 19:28:22,481 - INFO - HTTP Request: POST https://bxdxztbdsxyyvvavvtoo.supabase.co/rest/v1/predicciones "HTTP/2 201 Created"
2026-02-10 19:28:22,639 - INFO - HTTP Request: POST https://bxdxztbdsxyyvvavvtoo.supabase.co/rest/v1/predicciones "HTTP/2 201 Created"
2026-02-10 19:28:22,829 - INFO - HTTP Request: POST https://bxdxztbdsxyyvvavvtoo.supabase.co/rest/v1/predicciones "HTTP/2 201 Created"
2026-02-10 19:28:22,990 - INFO - HTTP Request: POST https://bxdxztbdsxyyvvavvtoo.supabase.co/rest/v1/predicciones "HTTP/2 201 Created"
2026-02-10 19:28:23,150 - INFO - HTTP Request: GET https://bxdxztbdsxyyvvavvtoo.supabase.co/rest/v1/carreras?select=id%2Cjornadas%21inner%28fecha%2Chipodromos%21inner%28nombre%29%29&numero=eq.7 "HTTP/2 200 OK"
2026-02-10 19:28:23,312 - INFO - HTTP Request: DELETE https://bxdxztbdsxyyvvavvtoo.supabase.co/rest/v1/predicciones?carrera_id=eq.999 "HTTP/2 200 OK"
2026-02-10 19:28:23,476 - INFO - HTTP Request: POST https://bxdxztbdsxyyvvavvtoo.supabase.co/rest/v1/predicciones "HTTP/2 201 Created"
2026-02-10 19:28:23,650 - INFO - HTTP Request: POST https://bxdxztbdsxyyvvavvtoo.supabase.co/rest/v1/predicciones "HTTP/2 201 Created"
2026-02-10 19:28:23,810 - INFO - HTTP Request: POST https://bxdxztbdsxyyvvavvtoo.supabase.co/rest/v1/predicciones "HTTP/2 201 Created"
2026-02-10 19:28:23,990 - INFO - HTTP Request: POST https://bxdxztbdsxyyvvavvtoo.supabase.co/rest/v1/predicciones "HTTP/2 201 Created"
2026-02-10 19:28:24,153 - INFO - HTTP Request: GET https://bxdxztbdsxyyvvavvtoo.supabase.co/rest/v1/carreras?select=id%2Cjornadas%21inner%28fecha%2Chipodromos%21inner%28nombre%29%29&numero=eq.8 "HTTP/2 200 OK"
2026-02-10 19:28:24,383 - INFO - HTTP Request: DELETE https://bxdxztbdsxyyvvavvtoo.supabase.co/rest/v1/predicciones?carrera_id=eq.1000 "HTTP/2 200 OK"
2026-02-10 19:28:24,729 - INFO - HTTP Request: POST https://bxdxztbdsxyyvvavvtoo.supabase.co/rest/v1/predicciones "HTTP/2 201 Created"
2026-02-10 19:28:24,949 - INFO - HTTP Request: POST https://bxdxztbdsxyyvvavvtoo.supabase.co/rest/v1/predicciones "HTTP/2 201 Created"
2026-02-10 19:28:25,143 - INFO - HTTP Request: POST https://bxdxztbdsxyyvvavvtoo.supabase.co/rest/v1/predicciones "HTTP/2 201 Created"
2026-02-10 19:28:25,364 - INFO - HTTP Request: POST https://bxdxztbdsxyyvvavvtoo.supabase.co/rest/v1/predicciones "HTTP/2 201 Created"
2026-02-10 19:28:25,540 - INFO - HTTP Request: GET https://bxdxztbdsxyyvvavvtoo.supabase.co/rest/v1/carreras?select=id%2Cjornadas%21inner%28fecha%2Chipodromos%21inner%28nombre%29%29&numero=eq.9 "HTTP/2 200 OK"
2026-02-10 19:28:25,708 - INFO - HTTP Request: DELETE https://bxdxztbdsxyyvvavvtoo.supabase.co/rest/v1/predicciones?carrera_id=eq.1001 "HTTP/2 200 OK"
2026-02-10 19:28:25,876 - INFO - HTTP Request: POST https://bxdxztbdsxyyvvavvtoo.supabase.co/rest/v1/predicciones "HTTP/2 201 Created"
2026-02-10 19:28:26,120 - INFO - HTTP Request: POST https://bxdxztbdsxyyvvavvtoo.supabase.co/rest/v1/predicciones "HTTP/2 201 Created"
2026-02-10 19:28:26,363 - INFO - HTTP Request: POST https://bxdxztbdsxyyvvavvtoo.supabase.co/rest/v1/predicciones "HTTP/2 201 Created"
2026-02-10 19:28:26,541 - INFO - HTTP Request: POST https://bxdxztbdsxyyvvavvtoo.supabase.co/rest/v1/predicciones "HTTP/2 201 Created"
2026-02-10 19:28:26,714 - INFO - HTTP Request: GET https://bxdxztbdsxyyvvavvtoo.supabase.co/rest/v1/carreras?select=id%2Cjornadas%21inner%28fecha%2Chipodromos%21inner%28nombre%29%29&numero=eq.10 "HTTP/2 200 OK"
2026-02-10 19:28:26,880 - INFO - HTTP Request: DELETE https://bxdxztbdsxyyvvavvtoo.supabase.co/rest/v1/predicciones?carrera_id=eq.982 "HTTP/2 200 OK"
2026-02-10 19:28:27,052 - INFO - HTTP Request: POST https://bxdxztbdsxyyvvavvtoo.supabase.co/rest/v1/predicciones "HTTP/2 201 Created"
2026-02-10 19:28:27,238 - INFO - HTTP Request: POST https://bxdxztbdsxyyvvavvtoo.supabase.co/rest/v1/predicciones "HTTP/2 201 Created"
2026-02-10 19:28:27,409 - INFO - HTTP Request: POST https://bxdxztbdsxyyvvavvtoo.supabase.co/rest/v1/predicciones "HTTP/2 201 Created"
2026-02-10 19:28:27,593 - INFO - HTTP Request: POST https://bxdxztbdsxyyvvavvtoo.supabase.co/rest/v1/predicciones "HTTP/2 201 Created"
2026-02-10 19:28:27,778 - INFO - HTTP Request: GET https://bxdxztbdsxyyvvavvtoo.supabase.co/rest/v1/carreras?select=id%2Cjornadas%21inner%28fecha%2Chipodromos%21inner%28nombre%29%29&numero=eq.11 "HTTP/2 200 OK"
2026-02-10 19:28:28,077 - INFO - HTTP Request: DELETE https://bxdxztbdsxyyvvavvtoo.supabase.co/rest/v1/predicciones?carrera_id=eq.983 "HTTP/2 200 OK"
2026-02-10 19:28:28,243 - INFO - HTTP Request: POST https://bxdxztbdsxyyvvavvtoo.supabase.co/rest/v1/predicciones "HTTP/2 201 Created"
2026-02-10 19:28:28,407 - INFO - HTTP Request: POST https://bxdxztbdsxyyvvavvtoo.supabase.co/rest/v1/predicciones "HTTP/2 201 Created"
2026-02-10 19:28:28,616 - INFO - HTTP Request: POST https://bxdxztbdsxyyvvavvtoo.supabase.co/rest/v1/predicciones "HTTP/2 201 Created"
2026-02-10 19:28:28,822 - INFO - HTTP Request: POST https://bxdxztbdsxyyvvavvtoo.supabase.co/rest/v1/predicciones "HTTP/2 201 Created"
2026-02-10 19:28:29,001 - INFO - HTTP Request: GET https://bxdxztbdsxyyvvavvtoo.supabase.co/rest/v1/carreras?select=id%2Cjornadas%21inner%28fecha%2Chipodromos%21inner%28nombre%29%29&numero=eq.12 "HTTP/2 200 OK"
2026-02-10 19:28:29,180 - INFO - HTTP Request: DELETE https://bxdxztbdsxyyvvavvtoo.supabase.co/rest/v1/predicciones?carrera_id=eq.984 "HTTP/2 200 OK"
2026-02-10 19:28:29,377 - INFO - HTTP Request: POST https://bxdxztbdsxyyvvavvtoo.supabase.co/rest/v1/predicciones "HTTP/2 201 Created"
2026-02-10 19:28:29,550 - INFO - HTTP Request: POST https://bxdxztbdsxyyvvavvtoo.supabase.co/rest/v1/predicciones "HTTP/2 201 Created"
2026-02-10 19:28:29,715 - INFO - HTTP Request: POST https://bxdxztbdsxyyvvavvtoo.supabase.co/rest/v1/predicciones "HTTP/2 201 Created"
2026-02-10 19:28:29,888 - INFO - HTTP Request: POST https://bxdxztbdsxyyvvavvtoo.supabase.co/rest/v1/predicciones "HTTP/2 201 Created"
2026-02-10 19:28:30,052 - INFO - HTTP Request: GET https://bxdxztbdsxyyvvavvtoo.supabase.co/rest/v1/carreras?select=id%2Cjornadas%21inner%28fecha%2Chipodromos%21inner%28nombre%29%29&numero=eq.13 "HTTP/2 200 OK"
2026-02-10 19:28:30,215 - INFO - HTTP Request: DELETE https://bxdxztbdsxyyvvavvtoo.supabase.co/rest/v1/predicciones?carrera_id=eq.985 "HTTP/2 200 OK"
2026-02-10 19:28:30,377 - INFO - HTTP Request: POST https://bxdxztbdsxyyvvavvtoo.supabase.co/rest/v1/predicciones "HTTP/2 201 Created"
2026-02-10 19:28:30,539 - INFO - HTTP Request: POST https://bxdxztbdsxyyvvavvtoo.supabase.co/rest/v1/predicciones "HTTP/2 201 Created"
2026-02-10 19:28:30,698 - INFO - HTTP Request: POST https://bxdxztbdsxyyvvavvtoo.supabase.co/rest/v1/predicciones "HTTP/2 201 Created"
2026-02-10 19:28:30,869 - INFO - HTTP Request: POST https://bxdxztbdsxyyvvavvtoo.supabase.co/rest/v1/predicciones "HTTP/2 201 Created"
2026-02-10 19:28:31,044 - INFO - HTTP Request: GET https://bxdxztbdsxyyvvavvtoo.supabase.co/rest/v1/carreras?select=id%2Cjornadas%21inner%28fecha%2Chipodromos%21inner%28nombre%29%29&numero=eq.14 "HTTP/2 200 OK"
2026-02-10 19:28:31,205 - INFO - HTTP Request: DELETE https://bxdxztbdsxyyvvavvtoo.supabase.co/rest/v1/predicciones?carrera_id=eq.986 "HTTP/2 200 OK"
2026-02-10 19:28:31,368 - INFO - HTTP Request: POST https://bxdxztbdsxyyvvavvtoo.supabase.co/rest/v1/predicciones "HTTP/2 201 Created"
2026-02-10 19:28:31,547 - INFO - HTTP Request: POST https://bxdxztbdsxyyvvavvtoo.supabase.co/rest/v1/predicciones "HTTP/2 201 Created"
2026-02-10 19:28:31,723 - INFO - HTTP Request: POST https://bxdxztbdsxyyvvavvtoo.supabase.co/rest/v1/predicciones "HTTP/2 201 Created"
2026-02-10 19:28:31,897 - INFO - HTTP Request: POST https://bxdxztbdsxyyvvavvtoo.supabase.co/rest/v1/predicciones "HTTP/2 201 Created"
2026-02-10 19:28:32,080 - INFO - HTTP Request: GET https://bxdxztbdsxyyvvavvtoo.supabase.co/rest/v1/carreras?select=id%2Cjornadas%21inner%28fecha%2Chipodromos%21inner%28nombre%29%29&numero=eq.15 "HTTP/2 200 OK"
2026-02-10 19:28:32,244 - INFO - HTTP Request: DELETE https://bxdxztbdsxyyvvavvtoo.supabase.co/rest/v1/predicciones?carrera_id=eq.987 "HTTP/2 200 OK"
2026-02-10 19:28:32,423 - INFO - HTTP Request: POST https://bxdxztbdsxyyvvavvtoo.supabase.co/rest/v1/predicciones "HTTP/2 201 Created"
2026-02-10 19:28:32,588 - INFO - HTTP Request: POST https://bxdxztbdsxyyvvavvtoo.supabase.co/rest/v1/predicciones "HTTP/2 201 Created"
2026-02-10 19:28:32,753 - INFO - HTTP Request: POST https://bxdxztbdsxyyvvavvtoo.supabase.co/rest/v1/predicciones "HTTP/2 201 Created"
2026-02-10 19:28:32,949 - INFO - HTTP Request: POST https://bxdxztbdsxyyvvavvtoo.supabase.co/rest/v1/predicciones "HTTP/2 201 Created"
2026-02-10 19:28:33,140 - INFO - HTTP Request: GET https://bxdxztbdsxyyvvavvtoo.supabase.co/rest/v1/carreras?select=id%2Cjornadas%21inner%28fecha%2Chipodromos%21inner%28nombre%29%29&numero=eq.16 "HTTP/2 200 OK"
2026-02-10 19:28:33,301 - INFO - HTTP Request: DELETE https://bxdxztbdsxyyvvavvtoo.supabase.co/rest/v1/predicciones?carrera_id=eq.988 "HTTP/2 200 OK"
2026-02-10 19:28:33,478 - INFO - HTTP Request: POST https://bxdxztbdsxyyvvavvtoo.supabase.co/rest/v1/predicciones "HTTP/2 201 Created"
2026-02-10 19:28:33,647 - INFO - HTTP Request: POST https://bxdxztbdsxyyvvavvtoo.supabase.co/rest/v1/predicciones "HTTP/2 201 Created"
2026-02-10 19:28:33,818 - INFO - HTTP Request: POST https://bxdxztbdsxyyvvavvtoo.supabase.co/rest/v1/predicciones "HTTP/2 201 Created"
2026-02-10 19:28:34,028 - INFO - HTTP Request: POST https://bxdxztbdsxyyvvavvtoo.supabase.co/rest/v1/predicciones "HTTP/2 201 Created"
2026-02-10 19:28:34,234 - INFO - HTTP Request: GET https://bxdxztbdsxyyvvavvtoo.supabase.co/rest/v1/carreras?select=id%2Cjornadas%21inner%28fecha%2Chipodromos%21inner%28nombre%29%29&numero=eq.17 "HTTP/2 200 OK"
2026-02-10 19:28:34,420 - INFO - HTTP Request: DELETE https://bxdxztbdsxyyvvavvtoo.supabase.co/rest/v1/predicciones?carrera_id=eq.989 "HTTP/2 200 OK"
2026-02-10 19:28:34,596 - INFO - HTTP Request: POST https://bxdxztbdsxyyvvavvtoo.supabase.co/rest/v1/predicciones "HTTP/2 201 Created"
2026-02-10 19:28:34,762 - INFO - HTTP Request: POST https://bxdxztbdsxyyvvavvtoo.supabase.co/rest/v1/predicciones "HTTP/2 201 Created"
2026-02-10 19:28:34,929 - INFO - HTTP Request: POST https://bxdxztbdsxyyvvavvtoo.supabase.co/rest/v1/predicciones "HTTP/2 201 Created"
2026-02-10 19:28:35,118 - INFO - HTTP Request: POST https://bxdxztbdsxyyvvavvtoo.supabase.co/rest/v1/predicciones "HTTP/2 201 Created"
2026-02-10 19:28:35,290 - INFO - HTTP Request: GET https://bxdxztbdsxyyvvavvtoo.supabase.co/rest/v1/carreras?select=id%2Cjornadas%21inner%28fecha%2Chipodromos%21inner%28nombre%29%29&numero=eq.18 "HTTP/2 200 OK"
2026-02-10 19:28:35,479 - INFO - HTTP Request: DELETE https://bxdxztbdsxyyvvavvtoo.supabase.co/rest/v1/predicciones?carrera_id=eq.990 "HTTP/2 200 OK"
2026-02-10 19:28:35,655 - INFO - HTTP Request: POST https://bxdxztbdsxyyvvavvtoo.supabase.co/rest/v1/predicciones "HTTP/2 201 Created"
2026-02-10 19:28:35,834 - INFO - HTTP Request: POST https://bxdxztbdsxyyvvavvtoo.supabase.co/rest/v1/predicciones "HTTP/2 201 Created"
2026-02-10 19:28:36,001 - INFO - HTTP Request: POST https://bxdxztbdsxyyvvavvtoo.supabase.co/rest/v1/predicciones "HTTP/2 201 Created"
2026-02-10 19:28:36,189 - INFO - HTTP Request: POST https://bxdxztbdsxyyvvavvtoo.supabase.co/rest/v1/predicciones "HTTP/2 201 Created"
2026-02-10 19:28:36,367 - INFO - HTTP Request: GET https://bxdxztbdsxyyvvavvtoo.supabase.co/rest/v1/carreras?select=id%2Cjornadas%21inner%28fecha%2Chipodromos%21inner%28nombre%29%29&numero=eq.19 "HTTP/2 200 OK"
2026-02-10 19:28:36,544 - INFO - HTTP Request: DELETE https://bxdxztbdsxyyvvavvtoo.supabase.co/rest/v1/predicciones?carrera_id=eq.991 "HTTP/2 200 OK"
2026-02-10 19:28:36,723 - INFO - HTTP Request: POST https://bxdxztbdsxyyvvavvtoo.supabase.co/rest/v1/predicciones "HTTP/2 201 Created"
2026-02-10 19:28:36,920 - INFO - HTTP Request: POST https://bxdxztbdsxyyvvavvtoo.supabase.co/rest/v1/predicciones "HTTP/2 201 Created"
2026-02-10 19:28:37,102 - INFO - HTTP Request: POST https://bxdxztbdsxyyvvavvtoo.supabase.co/rest/v1/predicciones "HTTP/2 201 Created"
2026-02-10 19:28:37,298 - INFO - HTTP Request: POST https://bxdxztbdsxyyvvavvtoo.supabase.co/rest/v1/predicciones "HTTP/2 201 Created"
2026-02-10 19:28:37,467 - INFO - HTTP Request: GET https://bxdxztbdsxyyvvavvtoo.supabase.co/rest/v1/carreras?select=id%2Cjornadas%21inner%28fecha%2Chipodromos%21inner%28nombre%29%29&numero=eq.20 "HTTP/2 200 OK"
2026-02-10 19:28:37,636 - INFO - HTTP Request: DELETE https://bxdxztbdsxyyvvavvtoo.supabase.co/rest/v1/predicciones?carrera_id=eq.993 "HTTP/2 200 OK"
2026-02-10 19:28:37,804 - INFO - HTTP Request: POST https://bxdxztbdsxyyvvavvtoo.supabase.co/rest/v1/predicciones "HTTP/2 201 Created"
2026-02-10 19:28:37,975 - INFO - HTTP Request: POST https://bxdxztbdsxyyvvavvtoo.supabase.co/rest/v1/predicciones "HTTP/2 201 Created"
2026-02-10 19:28:38,142 - INFO - HTTP Request: POST https://bxdxztbdsxyyvvavvtoo.supabase.co/rest/v1/predicciones "HTTP/2 201 Created"
2026-02-10 19:28:38,316 - INFO - HTTP Request: POST https://bxdxztbdsxyyvvavvtoo.supabase.co/rest/v1/predicciones "HTTP/2 201 Created"
2026-02-10 19:28:38,485 - INFO - HTTP Request: GET https://bxdxztbdsxyyvvavvtoo.supabase.co/rest/v1/carreras?select=id%2Cjornadas%21inner%28fecha%2Chipodromos%21inner%28nombre%29%29&numero=eq.21 "HTTP/2 200 OK"
2026-02-10 19:28:38,654 - INFO - HTTP Request: DELETE https://bxdxztbdsxyyvvavvtoo.supabase.co/rest/v1/predicciones?carrera_id=eq.994 "HTTP/2 200 OK"
2026-02-10 19:28:38,821 - INFO - HTTP Request: POST https://bxdxztbdsxyyvvavvtoo.supabase.co/rest/v1/predicciones "HTTP/2 201 Created"
2026-02-10 19:28:39,014 - INFO - HTTP Request: POST https://bxdxztbdsxyyvvavvtoo.supabase.co/rest/v1/predicciones "HTTP/2 201 Created"
2026-02-10 19:28:39,192 - INFO - HTTP Request: POST https://bxdxztbdsxyyvvavvtoo.supabase.co/rest/v1/predicciones "HTTP/2 201 Created"
2026-02-10 19:28:39,363 - INFO - HTTP Request: POST https://bxdxztbdsxyyvvavvtoo.supabase.co/rest/v1/predicciones "HTTP/2 201 Created"
2026-02-10 19:28:39,540 - INFO - HTTP Request: GET https://bxdxztbdsxyyvvavvtoo.supabase.co/rest/v1/carreras?select=id%2Cjornadas%21inner%28fecha%2Chipodromos%21inner%28nombre%29%29&numero=eq.1 "HTTP/2 200 OK"
2026-02-10 19:28:39,737 - INFO - HTTP Request: DELETE https://bxdxztbdsxyyvvavvtoo.supabase.co/rest/v1/predicciones?carrera_id=eq.1002 "HTTP/2 200 OK"
2026-02-10 19:28:39,983 - INFO - HTTP Request: POST https://bxdxztbdsxyyvvavvtoo.supabase.co/rest/v1/predicciones "HTTP/2 201 Created"
2026-02-10 19:28:40,147 - INFO - HTTP Request: POST https://bxdxztbdsxyyvvavvtoo.supabase.co/rest/v1/predicciones "HTTP/2 201 Created"
2026-02-10 19:28:40,464 - INFO - HTTP Request: POST https://bxdxztbdsxyyvvavvtoo.supabase.co/rest/v1/predicciones "HTTP/2 201 Created"
2026-02-10 19:28:40,629 - INFO - HTTP Request: POST https://bxdxztbdsxyyvvavvtoo.supabase.co/rest/v1/predicciones "HTTP/2 201 Created"
2026-02-10 19:28:40,795 - INFO - HTTP Request: GET https://bxdxztbdsxyyvvavvtoo.supabase.co/rest/v1/carreras?select=id%2Cjornadas%21inner%28fecha%2Chipodromos%21inner%28nombre%29%29&numero=eq.2 "HTTP/2 200 OK"
2026-02-10 19:28:40,961 - INFO - HTTP Request: DELETE https://bxdxztbdsxyyvvavvtoo.supabase.co/rest/v1/predicciones?carrera_id=eq.1011 "HTTP/2 200 OK"
2026-02-10 19:28:41,137 - INFO - HTTP Request: POST https://bxdxztbdsxyyvvavvtoo.supabase.co/rest/v1/predicciones "HTTP/2 201 Created"
2026-02-10 19:28:41,307 - INFO - HTTP Request: POST https://bxdxztbdsxyyvvavvtoo.supabase.co/rest/v1/predicciones "HTTP/2 201 Created"
2026-02-10 19:28:41,461 - INFO - HTTP Request: POST https://bxdxztbdsxyyvvavvtoo.supabase.co/rest/v1/predicciones "HTTP/2 201 Created"
2026-02-10 19:28:41,635 - INFO - HTTP Request: POST https://bxdxztbdsxyyvvavvtoo.supabase.co/rest/v1/predicciones "HTTP/2 201 Created"
2026-02-10 19:28:41,798 - INFO - HTTP Request: GET https://bxdxztbdsxyyvvavvtoo.supabase.co/rest/v1/carreras?select=id%2Cjornadas%21inner%28fecha%2Chipodromos%21inner%28nombre%29%29&numero=eq.3 "HTTP/2 200 OK"
2026-02-10 19:28:41,998 - INFO - HTTP Request: DELETE https://bxdxztbdsxyyvvavvtoo.supabase.co/rest/v1/predicciones?carrera_id=eq.1012 "HTTP/2 200 OK"
2026-02-10 19:28:42,182 - INFO - HTTP Request: POST https://bxdxztbdsxyyvvavvtoo.supabase.co/rest/v1/predicciones "HTTP/2 201 Created"
2026-02-10 19:28:42,385 - INFO - HTTP Request: POST https://bxdxztbdsxyyvvavvtoo.supabase.co/rest/v1/predicciones "HTTP/2 201 Created"
2026-02-10 19:28:42,560 - INFO - HTTP Request: POST https://bxdxztbdsxyyvvavvtoo.supabase.co/rest/v1/predicciones "HTTP/2 201 Created"
2026-02-10 19:28:42,753 - INFO - HTTP Request: POST https://bxdxztbdsxyyvvavvtoo.supabase.co/rest/v1/predicciones "HTTP/2 201 Created"
2026-02-10 19:28:42,917 - INFO - HTTP Request: GET https://bxdxztbdsxyyvvavvtoo.supabase.co/rest/v1/carreras?select=id%2Cjornadas%21inner%28fecha%2Chipodromos%21inner%28nombre%29%29&numero=eq.4 "HTTP/2 200 OK"
2026-02-10 19:28:43,090 - INFO - HTTP Request: DELETE https://bxdxztbdsxyyvvavvtoo.supabase.co/rest/v1/predicciones?carrera_id=eq.1013 "HTTP/2 200 OK"
2026-02-10 19:28:43,255 - INFO - HTTP Request: POST https://bxdxztbdsxyyvvavvtoo.supabase.co/rest/v1/predicciones "HTTP/2 201 Created"
2026-02-10 19:28:43,421 - INFO - HTTP Request: POST https://bxdxztbdsxyyvvavvtoo.supabase.co/rest/v1/predicciones "HTTP/2 201 Created"
2026-02-10 19:28:43,597 - INFO - HTTP Request: POST https://bxdxztbdsxyyvvavvtoo.supabase.co/rest/v1/predicciones "HTTP/2 201 Created"
2026-02-10 19:28:43,783 - INFO - HTTP Request: POST https://bxdxztbdsxyyvvavvtoo.supabase.co/rest/v1/predicciones "HTTP/2 201 Created"
2026-02-10 19:28:43,957 - INFO - HTTP Request: GET https://bxdxztbdsxyyvvavvtoo.supabase.co/rest/v1/carreras?select=id%2Cjornadas%21inner%28fecha%2Chipodromos%21inner%28nombre%29%29&numero=eq.5 "HTTP/2 200 OK"
2026-02-10 19:28:44,125 - INFO - HTTP Request: DELETE https://bxdxztbdsxyyvvavvtoo.supabase.co/rest/v1/predicciones?carrera_id=eq.1014 "HTTP/2 200 OK"
2026-02-10 19:28:44,319 - INFO - HTTP Request: POST https://bxdxztbdsxyyvvavvtoo.supabase.co/rest/v1/predicciones "HTTP/2 201 Created"
2026-02-10 19:28:44,512 - INFO - HTTP Request: POST https://bxdxztbdsxyyvvavvtoo.supabase.co/rest/v1/predicciones "HTTP/2 201 Created"
2026-02-10 19:28:44,768 - INFO - HTTP Request: POST https://bxdxztbdsxyyvvavvtoo.supabase.co/rest/v1/predicciones "HTTP/2 201 Created"
2026-02-10 19:28:44,957 - INFO - HTTP Request: POST https://bxdxztbdsxyyvvavvtoo.supabase.co/rest/v1/predicciones "HTTP/2 201 Created"
2026-02-10 19:28:45,153 - INFO - HTTP Request: GET https://bxdxztbdsxyyvvavvtoo.supabase.co/rest/v1/carreras?select=id%2Cjornadas%21inner%28fecha%2Chipodromos%21inner%28nombre%29%29&numero=eq.6 "HTTP/2 200 OK"
2026-02-10 19:28:45,322 - INFO - HTTP Request: DELETE https://bxdxztbdsxyyvvavvtoo.supabase.co/rest/v1/predicciones?carrera_id=eq.1015 "HTTP/2 200 OK"
2026-02-10 19:28:45,498 - INFO - HTTP Request: POST https://bxdxztbdsxyyvvavvtoo.supabase.co/rest/v1/predicciones "HTTP/2 201 Created"
2026-02-10 19:28:45,671 - INFO - HTTP Request: POST https://bxdxztbdsxyyvvavvtoo.supabase.co/rest/v1/predicciones "HTTP/2 201 Created"
2026-02-10 19:28:45,830 - INFO - HTTP Request: POST https://bxdxztbdsxyyvvavvtoo.supabase.co/rest/v1/predicciones "HTTP/2 201 Created"
2026-02-10 19:28:46,005 - INFO - HTTP Request: POST https://bxdxztbdsxyyvvavvtoo.supabase.co/rest/v1/predicciones "HTTP/2 201 Created"
2026-02-10 19:28:46,173 - INFO - HTTP Request: GET https://bxdxztbdsxyyvvavvtoo.supabase.co/rest/v1/carreras?select=id%2Cjornadas%21inner%28fecha%2Chipodromos%21inner%28nombre%29%29&numero=eq.7 "HTTP/2 200 OK"
2026-02-10 19:28:46,331 - INFO - HTTP Request: DELETE https://bxdxztbdsxyyvvavvtoo.supabase.co/rest/v1/predicciones?carrera_id=eq.1016 "HTTP/2 200 OK"
2026-02-10 19:28:46,493 - INFO - HTTP Request: POST https://bxdxztbdsxyyvvavvtoo.supabase.co/rest/v1/predicciones "HTTP/2 201 Created"
2026-02-10 19:28:46,658 - INFO - HTTP Request: POST https://bxdxztbdsxyyvvavvtoo.supabase.co/rest/v1/predicciones "HTTP/2 201 Created"
2026-02-10 19:28:46,824 - INFO - HTTP Request: POST https://bxdxztbdsxyyvvavvtoo.supabase.co/rest/v1/predicciones "HTTP/2 201 Created"
2026-02-10 19:28:46,996 - INFO - HTTP Request: POST https://bxdxztbdsxyyvvavvtoo.supabase.co/rest/v1/predicciones "HTTP/2 201 Created"
2026-02-10 19:28:47,216 - INFO - HTTP Request: GET https://bxdxztbdsxyyvvavvtoo.supabase.co/rest/v1/carreras?select=id%2Cjornadas%21inner%28fecha%2Chipodromos%21inner%28nombre%29%29&numero=eq.8 "HTTP/2 200 OK"
2026-02-10 19:28:47,380 - INFO - HTTP Request: DELETE https://bxdxztbdsxyyvvavvtoo.supabase.co/rest/v1/predicciones?carrera_id=eq.1017 "HTTP/2 200 OK"
2026-02-10 19:28:47,540 - INFO - HTTP Request: POST https://bxdxztbdsxyyvvavvtoo.supabase.co/rest/v1/predicciones "HTTP/2 201 Created"
2026-02-10 19:28:47,717 - INFO - HTTP Request: POST https://bxdxztbdsxyyvvavvtoo.supabase.co/rest/v1/predicciones "HTTP/2 201 Created"
2026-02-10 19:28:47,901 - INFO - HTTP Request: POST https://bxdxztbdsxyyvvavvtoo.supabase.co/rest/v1/predicciones "HTTP/2 201 Created"
2026-02-10 19:28:48,067 - INFO - HTTP Request: POST https://bxdxztbdsxyyvvavvtoo.supabase.co/rest/v1/predicciones "HTTP/2 201 Created"
2026-02-10 19:28:48,231 - INFO - HTTP Request: GET https://bxdxztbdsxyyvvavvtoo.supabase.co/rest/v1/carreras?select=id%2Cjornadas%21inner%28fecha%2Chipodromos%21inner%28nombre%29%29&numero=eq.9 "HTTP/2 200 OK"
2026-02-10 19:28:48,393 - INFO - HTTP Request: DELETE https://bxdxztbdsxyyvvavvtoo.supabase.co/rest/v1/predicciones?carrera_id=eq.1018 "HTTP/2 200 OK"
2026-02-10 19:28:48,573 - INFO - HTTP Request: POST https://bxdxztbdsxyyvvavvtoo.supabase.co/rest/v1/predicciones "HTTP/2 201 Created"
2026-02-10 19:28:48,736 - INFO - HTTP Request: POST https://bxdxztbdsxyyvvavvtoo.supabase.co/rest/v1/predicciones "HTTP/2 201 Created"
2026-02-10 19:28:48,912 - INFO - HTTP Request: POST https://bxdxztbdsxyyvvavvtoo.supabase.co/rest/v1/predicciones "HTTP/2 201 Created"
2026-02-10 19:28:49,084 - INFO - HTTP Request: POST https://bxdxztbdsxyyvvavvtoo.supabase.co/rest/v1/predicciones "HTTP/2 201 Created"
2026-02-10 19:28:49,258 - INFO - HTTP Request: GET https://bxdxztbdsxyyvvavvtoo.supabase.co/rest/v1/carreras?select=id%2Cjornadas%21inner%28fecha%2Chipodromos%21inner%28nombre%29%29&numero=eq.10 "HTTP/2 200 OK"
2026-02-10 19:28:49,433 - INFO - HTTP Request: DELETE https://bxdxztbdsxyyvvavvtoo.supabase.co/rest/v1/predicciones?carrera_id=eq.1003 "HTTP/2 200 OK"
2026-02-10 19:28:49,599 - INFO - HTTP Request: POST https://bxdxztbdsxyyvvavvtoo.supabase.co/rest/v1/predicciones "HTTP/2 201 Created"
2026-02-10 19:28:49,769 - INFO - HTTP Request: POST https://bxdxztbdsxyyvvavvtoo.supabase.co/rest/v1/predicciones "HTTP/2 201 Created"
2026-02-10 19:28:49,941 - INFO - HTTP Request: POST https://bxdxztbdsxyyvvavvtoo.supabase.co/rest/v1/predicciones "HTTP/2 201 Created"
2026-02-10 19:28:50,113 - INFO - HTTP Request: POST https://bxdxztbdsxyyvvavvtoo.supabase.co/rest/v1/predicciones "HTTP/2 201 Created"
2026-02-10 19:28:50,284 - INFO - HTTP Request: GET https://bxdxztbdsxyyvvavvtoo.supabase.co/rest/v1/carreras?select=id%2Cjornadas%21inner%28fecha%2Chipodromos%21inner%28nombre%29%29&numero=eq.11 "HTTP/2 200 OK"
2026-02-10 19:28:50,461 - INFO - HTTP Request: DELETE https://bxdxztbdsxyyvvavvtoo.supabase.co/rest/v1/predicciones?carrera_id=eq.1004 "HTTP/2 200 OK"
2026-02-10 19:28:50,626 - INFO - HTTP Request: POST https://bxdxztbdsxyyvvavvtoo.supabase.co/rest/v1/predicciones "HTTP/2 201 Created"
2026-02-10 19:28:50,790 - INFO - HTTP Request: POST https://bxdxztbdsxyyvvavvtoo.supabase.co/rest/v1/predicciones "HTTP/2 201 Created"
2026-02-10 19:28:50,987 - INFO - HTTP Request: POST https://bxdxztbdsxyyvvavvtoo.supabase.co/rest/v1/predicciones "HTTP/2 201 Created"
2026-02-10 19:28:51,156 - INFO - HTTP Request: POST https://bxdxztbdsxyyvvavvtoo.supabase.co/rest/v1/predicciones "HTTP/2 201 Created"
2026-02-10 19:28:51,338 - INFO - HTTP Request: GET https://bxdxztbdsxyyvvavvtoo.supabase.co/rest/v1/carreras?select=id%2Cjornadas%21inner%28fecha%2Chipodromos%21inner%28nombre%29%29&numero=eq.12 "HTTP/2 200 OK"
2026-02-10 19:28:51,502 - INFO - HTTP Request: DELETE https://bxdxztbdsxyyvvavvtoo.supabase.co/rest/v1/predicciones?carrera_id=eq.1005 "HTTP/2 200 OK"
2026-02-10 19:28:51,673 - INFO - HTTP Request: POST https://bxdxztbdsxyyvvavvtoo.supabase.co/rest/v1/predicciones "HTTP/2 201 Created"
2026-02-10 19:28:51,850 - INFO - HTTP Request: POST https://bxdxztbdsxyyvvavvtoo.supabase.co/rest/v1/predicciones "HTTP/2 201 Created"
2026-02-10 19:28:52,029 - INFO - HTTP Request: POST https://bxdxztbdsxyyvvavvtoo.supabase.co/rest/v1/predicciones "HTTP/2 201 Created"
2026-02-10 19:28:52,191 - INFO - HTTP Request: POST https://bxdxztbdsxyyvvavvtoo.supabase.co/rest/v1/predicciones "HTTP/2 201 Created"
2026-02-10 19:28:52,355 - INFO - HTTP Request: GET https://bxdxztbdsxyyvvavvtoo.supabase.co/rest/v1/carreras?select=id%2Cjornadas%21inner%28fecha%2Chipodromos%21inner%28nombre%29%29&numero=eq.13 "HTTP/2 200 OK"
2026-02-10 19:28:52,514 - INFO - HTTP Request: DELETE https://bxdxztbdsxyyvvavvtoo.supabase.co/rest/v1/predicciones?carrera_id=eq.1006 "HTTP/2 200 OK"
2026-02-10 19:28:52,669 - INFO - HTTP Request: POST https://bxdxztbdsxyyvvavvtoo.supabase.co/rest/v1/predicciones "HTTP/2 201 Created"
2026-02-10 19:28:52,855 - INFO - HTTP Request: POST https://bxdxztbdsxyyvvavvtoo.supabase.co/rest/v1/predicciones "HTTP/2 201 Created"
2026-02-10 19:28:53,055 - INFO - HTTP Request: POST https://bxdxztbdsxyyvvavvtoo.supabase.co/rest/v1/predicciones "HTTP/2 201 Created"
2026-02-10 19:28:53,316 - INFO - HTTP Request: POST https://bxdxztbdsxyyvvavvtoo.supabase.co/rest/v1/predicciones "HTTP/2 201 Created"
2026-02-10 19:28:53,501 - INFO - HTTP Request: GET https://bxdxztbdsxyyvvavvtoo.supabase.co/rest/v1/carreras?select=id%2Cjornadas%21inner%28fecha%2Chipodromos%21inner%28nombre%29%29&numero=eq.14 "HTTP/2 200 OK"
2026-02-10 19:28:53,667 - INFO - HTTP Request: DELETE https://bxdxztbdsxyyvvavvtoo.supabase.co/rest/v1/predicciones?carrera_id=eq.1007 "HTTP/2 200 OK"
2026-02-10 19:28:53,853 - INFO - HTTP Request: POST https://bxdxztbdsxyyvvavvtoo.supabase.co/rest/v1/predicciones "HTTP/2 201 Created"
2026-02-10 19:28:54,075 - INFO - HTTP Request: POST https://bxdxztbdsxyyvvavvtoo.supabase.co/rest/v1/predicciones "HTTP/2 201 Created"
2026-02-10 19:28:54,269 - INFO - HTTP Request: POST https://bxdxztbdsxyyvvavvtoo.supabase.co/rest/v1/predicciones "HTTP/2 201 Created"
2026-02-10 19:28:54,430 - INFO - HTTP Request: POST https://bxdxztbdsxyyvvavvtoo.supabase.co/rest/v1/predicciones "HTTP/2 201 Created"
2026-02-10 19:28:54,615 - INFO - HTTP Request: GET https://bxdxztbdsxyyvvavvtoo.supabase.co/rest/v1/carreras?select=id%2Cjornadas%21inner%28fecha%2Chipodromos%21inner%28nombre%29%29&numero=eq.15 "HTTP/2 200 OK"
2026-02-10 19:28:54,787 - INFO - HTTP Request: DELETE https://bxdxztbdsxyyvvavvtoo.supabase.co/rest/v1/predicciones?carrera_id=eq.1008 "HTTP/2 200 OK"
2026-02-10 19:28:54,950 - INFO - HTTP Request: POST https://bxdxztbdsxyyvvavvtoo.supabase.co/rest/v1/predicciones "HTTP/2 201 Created"
2026-02-10 19:28:55,122 - INFO - HTTP Request: POST https://bxdxztbdsxyyvvavvtoo.supabase.co/rest/v1/predicciones "HTTP/2 201 Created"
2026-02-10 19:28:55,308 - INFO - HTTP Request: POST https://bxdxztbdsxyyvvavvtoo.supabase.co/rest/v1/predicciones "HTTP/2 201 Created"
2026-02-10 19:28:55,645 - INFO - HTTP Request: POST https://bxdxztbdsxyyvvavvtoo.supabase.co/rest/v1/predicciones "HTTP/2 201 Created"
2026-02-10 19:28:55,806 - INFO - HTTP Request: GET https://bxdxztbdsxyyvvavvtoo.supabase.co/rest/v1/carreras?select=id%2Cjornadas%21inner%28fecha%2Chipodromos%21inner%28nombre%29%29&numero=eq.16 "HTTP/2 200 OK"
2026-02-10 19:28:55,991 - INFO - HTTP Request: DELETE https://bxdxztbdsxyyvvavvtoo.supabase.co/rest/v1/predicciones?carrera_id=eq.1009 "HTTP/2 200 OK"
2026-02-10 19:28:56,163 - INFO - HTTP Request: POST https://bxdxztbdsxyyvvavvtoo.supabase.co/rest/v1/predicciones "HTTP/2 201 Created"
2026-02-10 19:28:56,348 - INFO - HTTP Request: POST https://bxdxztbdsxyyvvavvtoo.supabase.co/rest/v1/predicciones "HTTP/2 201 Created"
2026-02-10 19:28:56,516 - INFO - HTTP Request: POST https://bxdxztbdsxyyvvavvtoo.supabase.co/rest/v1/predicciones "HTTP/2 201 Created"
2026-02-10 19:28:56,693 - INFO - HTTP Request: POST https://bxdxztbdsxyyvvavvtoo.supabase.co/rest/v1/predicciones "HTTP/2 201 Created"
2026-02-10 19:28:56,872 - INFO - HTTP Request: GET https://bxdxztbdsxyyvvavvtoo.supabase.co/rest/v1/carreras?select=id%2Cjornadas%21inner%28fecha%2Chipodromos%21inner%28nombre%29%29&numero=eq.17 "HTTP/2 200 OK"
2026-02-10 19:28:57,055 - INFO - HTTP Request: DELETE https://bxdxztbdsxyyvvavvtoo.supabase.co/rest/v1/predicciones?carrera_id=eq.1010 "HTTP/2 200 OK"
2026-02-10 19:28:57,248 - INFO - HTTP Request: POST https://bxdxztbdsxyyvvavvtoo.supabase.co/rest/v1/predicciones "HTTP/2 201 Created"
2026-02-10 19:28:57,408 - INFO - HTTP Request: POST https://bxdxztbdsxyyvvavvtoo.supabase.co/rest/v1/predicciones "HTTP/2 201 Created"
2026-02-10 19:28:57,578 - INFO - HTTP Request: POST https://bxdxztbdsxyyvvavvtoo.supabase.co/rest/v1/predicciones "HTTP/2 201 Created"
2026-02-10 19:28:57,743 - INFO - HTTP Request: POST https://bxdxztbdsxyyvvavvtoo.supabase.co/rest/v1/predicciones "HTTP/2 201 Created"
2026-02-10 19:28:57,744 - INFO - Uploaded 324 predictions
2026-02-10 19:28:57,744 - INFO - 
Recalculating performance metrics...
2026-02-10 19:28:57,745 - INFO - ============================================================
2026-02-10 19:28:57,745 - INFO - CALCULATING PERFORMANCE METRICS (Supabase + SQLite)
2026-02-10 19:28:57,745 - INFO - ============================================================
2026-02-10 19:28:57,745 - INFO - 
[1/4] Fetching predictions from Supabase...
2026-02-10 19:28:58,074 - INFO - HTTP Request: GET https://bxdxztbdsxyyvvavvtoo.supabase.co/rest/v1/predicciones?select=%2A%2Ccarreras%21inner%28numero%2Cjornadas%21inner%28fecha%2Chipodromos%21inner%28nombre%29%29%29 "HTTP/2 200 OK"
2026-02-10 19:28:58,124 - INFO - Fetched 1000 predictions from Supabase (78 races)
2026-02-10 19:28:58,125 - INFO - 
[2/4] Fetching results from SQLite...
2026-02-10 19:28:58,132 - INFO - Fetched results for 654 races from SQLite
2026-02-10 19:28:58,132 - INFO - 
[3/4] Matching predictions with results...
2026-02-10 19:28:58,132 - INFO - Found 68 races with both predictions and results
2026-02-10 19:28:58,132 - INFO - 
[4/4] Calculating stats...
2026-02-10 19:28:58,132 - INFO - Global: Ganador 2.9%, Quiniela 0.0%, Trifecta 0.0%, Superfecta 0.0%
2026-02-10 19:28:58,132 - INFO -   Hipdromo Chile: 32 races, Ganador 6.2%
2026-02-10 19:28:58,132 - INFO -   Club Hpico de Santiago: 19 races, Ganador 0.0%
2026-02-10 19:28:58,132 - INFO -   Valparaso Sporting: 17 races, Ganador 0.0%
2026-02-10 19:28:58,132 - INFO - 
Saving results...
2026-02-10 19:28:58,137 - INFO - Saved 68 records to rendimiento_historico
2026-02-10 19:28:58,139 - INFO - Saved stats to data/rendimiento_stats.json
2026-02-10 19:28:58,335 - INFO - HTTP Request: POST https://bxdxztbdsxyyvvavvtoo.supabase.co/rest/v1/rendimiento_stats?on_conflict=id "HTTP/2 200 OK"
2026-02-10 19:28:58,336 - INFO - Uploaded stats to Supabase (rendimiento_stats)
2026-02-10 19:28:58,501 - INFO - HTTP Request: POST https://bxdxztbdsxyyvvavvtoo.supabase.co/rest/v1/rendimiento_historico?on_conflict=fecha%2Chipodromo%2Cnro_carrera "HTTP/2 200 OK"
2026-02-10 19:28:58,664 - INFO - HTTP Request: POST https://bxdxztbdsxyyvvavvtoo.supabase.co/rest/v1/rendimiento_historico?on_conflict=fecha%2Chipodromo%2Cnro_carrera "HTTP/2 200 OK"
2026-02-10 19:28:58,827 - INFO - HTTP Request: POST https://bxdxztbdsxyyvvavvtoo.supabase.co/rest/v1/rendimiento_historico?on_conflict=fecha%2Chipodromo%2Cnro_carrera "HTTP/2 200 OK"
2026-02-10 19:28:58,995 - INFO - HTTP Request: POST https://bxdxztbdsxyyvvavvtoo.supabase.co/rest/v1/rendimiento_historico?on_conflict=fecha%2Chipodromo%2Cnro_carrera "HTTP/2 200 OK"
2026-02-10 19:28:59,162 - INFO - HTTP Request: POST https://bxdxztbdsxyyvvavvtoo.supabase.co/rest/v1/rendimiento_historico?on_conflict=fecha%2Chipodromo%2Cnro_carrera "HTTP/2 200 OK"
2026-02-10 19:28:59,324 - INFO - HTTP Request: POST https://bxdxztbdsxyyvvavvtoo.supabase.co/rest/v1/rendimiento_historico?on_conflict=fecha%2Chipodromo%2Cnro_carrera "HTTP/2 200 OK"
2026-02-10 19:28:59,488 - INFO - HTTP Request: POST https://bxdxztbdsxyyvvavvtoo.supabase.co/rest/v1/rendimiento_historico?on_conflict=fecha%2Chipodromo%2Cnro_carrera "HTTP/2 200 OK"
2026-02-10 19:28:59,648 - INFO - HTTP Request: POST https://bxdxztbdsxyyvvavvtoo.supabase.co/rest/v1/rendimiento_historico?on_conflict=fecha%2Chipodromo%2Cnro_carrera "HTTP/2 200 OK"
2026-02-10 19:28:59,811 - INFO - HTTP Request: POST https://bxdxztbdsxyyvvavvtoo.supabase.co/rest/v1/rendimiento_historico?on_conflict=fecha%2Chipodromo%2Cnro_carrera "HTTP/2 200 OK"
2026-02-10 19:28:59,982 - INFO - HTTP Request: POST https://bxdxztbdsxyyvvavvtoo.supabase.co/rest/v1/rendimiento_historico?on_conflict=fecha%2Chipodromo%2Cnro_carrera "HTTP/2 200 OK"
2026-02-10 19:29:00,153 - INFO - HTTP Request: POST https://bxdxztbdsxyyvvavvtoo.supabase.co/rest/v1/rendimiento_historico?on_conflict=fecha%2Chipodromo%2Cnro_carrera "HTTP/2 200 OK"
2026-02-10 19:29:00,314 - INFO - HTTP Request: POST https://bxdxztbdsxyyvvavvtoo.supabase.co/rest/v1/rendimiento_historico?on_conflict=fecha%2Chipodromo%2Cnro_carrera "HTTP/2 200 OK"
2026-02-10 19:29:00,505 - INFO - HTTP Request: POST https://bxdxztbdsxyyvvavvtoo.supabase.co/rest/v1/rendimiento_historico?on_conflict=fecha%2Chipodromo%2Cnro_carrera "HTTP/2 200 OK"
2026-02-10 19:29:00,675 - INFO - HTTP Request: POST https://bxdxztbdsxyyvvavvtoo.supabase.co/rest/v1/rendimiento_historico?on_conflict=fecha%2Chipodromo%2Cnro_carrera "HTTP/2 200 OK"
2026-02-10 19:29:00,838 - INFO - HTTP Request: POST https://bxdxztbdsxyyvvavvtoo.supabase.co/rest/v1/rendimiento_historico?on_conflict=fecha%2Chipodromo%2Cnro_carrera "HTTP/2 200 OK"
2026-02-10 19:29:01,007 - INFO - HTTP Request: POST https://bxdxztbdsxyyvvavvtoo.supabase.co/rest/v1/rendimiento_historico?on_conflict=fecha%2Chipodromo%2Cnro_carrera "HTTP/2 200 OK"
2026-02-10 19:29:01,200 - INFO - HTTP Request: POST https://bxdxztbdsxyyvvavvtoo.supabase.co/rest/v1/rendimiento_historico?on_conflict=fecha%2Chipodromo%2Cnro_carrera "HTTP/2 200 OK"
2026-02-10 19:29:01,382 - INFO - HTTP Request: POST https://bxdxztbdsxyyvvavvtoo.supabase.co/rest/v1/rendimiento_historico?on_conflict=fecha%2Chipodromo%2Cnro_carrera "HTTP/2 200 OK"
2026-02-10 19:29:01,567 - INFO - HTTP Request: POST https://bxdxztbdsxyyvvavvtoo.supabase.co/rest/v1/rendimiento_historico?on_conflict=fecha%2Chipodromo%2Cnro_carrera "HTTP/2 200 OK"
2026-02-10 19:29:01,726 - INFO - HTTP Request: POST https://bxdxztbdsxyyvvavvtoo.supabase.co/rest/v1/rendimiento_historico?on_conflict=fecha%2Chipodromo%2Cnro_carrera "HTTP/2 200 OK"
2026-02-10 19:29:01,891 - INFO - HTTP Request: POST https://bxdxztbdsxyyvvavvtoo.supabase.co/rest/v1/rendimiento_historico?on_conflict=fecha%2Chipodromo%2Cnro_carrera "HTTP/2 200 OK"
2026-02-10 19:29:02,056 - INFO - HTTP Request: POST https://bxdxztbdsxyyvvavvtoo.supabase.co/rest/v1/rendimiento_historico?on_conflict=fecha%2Chipodromo%2Cnro_carrera "HTTP/2 200 OK"
2026-02-10 19:29:02,233 - INFO - HTTP Request: POST https://bxdxztbdsxyyvvavvtoo.supabase.co/rest/v1/rendimiento_historico?on_conflict=fecha%2Chipodromo%2Cnro_carrera "HTTP/2 200 OK"
2026-02-10 19:29:02,400 - INFO - HTTP Request: POST https://bxdxztbdsxyyvvavvtoo.supabase.co/rest/v1/rendimiento_historico?on_conflict=fecha%2Chipodromo%2Cnro_carrera "HTTP/2 200 OK"
2026-02-10 19:29:02,585 - INFO - HTTP Request: POST https://bxdxztbdsxyyvvavvtoo.supabase.co/rest/v1/rendimiento_historico?on_conflict=fecha%2Chipodromo%2Cnro_carrera "HTTP/2 200 OK"
2026-02-10 19:29:02,813 - INFO - HTTP Request: POST https://bxdxztbdsxyyvvavvtoo.supabase.co/rest/v1/rendimiento_historico?on_conflict=fecha%2Chipodromo%2Cnro_carrera "HTTP/2 200 OK"
2026-02-10 19:29:02,988 - INFO - HTTP Request: POST https://bxdxztbdsxyyvvavvtoo.supabase.co/rest/v1/rendimiento_historico?on_conflict=fecha%2Chipodromo%2Cnro_carrera "HTTP/2 200 OK"
2026-02-10 19:29:03,158 - INFO - HTTP Request: POST https://bxdxztbdsxyyvvavvtoo.supabase.co/rest/v1/rendimiento_historico?on_conflict=fecha%2Chipodromo%2Cnro_carrera "HTTP/2 200 OK"
2026-02-10 19:29:03,331 - INFO - HTTP Request: POST https://bxdxztbdsxyyvvavvtoo.supabase.co/rest/v1/rendimiento_historico?on_conflict=fecha%2Chipodromo%2Cnro_carrera "HTTP/2 200 OK"
2026-02-10 19:29:03,504 - INFO - HTTP Request: POST https://bxdxztbdsxyyvvavvtoo.supabase.co/rest/v1/rendimiento_historico?on_conflict=fecha%2Chipodromo%2Cnro_carrera "HTTP/2 200 OK"
2026-02-10 19:29:03,671 - INFO - HTTP Request: POST https://bxdxztbdsxyyvvavvtoo.supabase.co/rest/v1/rendimiento_historico?on_conflict=fecha%2Chipodromo%2Cnro_carrera "HTTP/2 200 OK"
2026-02-10 19:29:03,840 - INFO - HTTP Request: POST https://bxdxztbdsxyyvvavvtoo.supabase.co/rest/v1/rendimiento_historico?on_conflict=fecha%2Chipodromo%2Cnro_carrera "HTTP/2 200 OK"
2026-02-10 19:29:04,010 - INFO - HTTP Request: POST https://bxdxztbdsxyyvvavvtoo.supabase.co/rest/v1/rendimiento_historico?on_conflict=fecha%2Chipodromo%2Cnro_carrera "HTTP/2 200 OK"
2026-02-10 19:29:04,183 - INFO - HTTP Request: POST https://bxdxztbdsxyyvvavvtoo.supabase.co/rest/v1/rendimiento_historico?on_conflict=fecha%2Chipodromo%2Cnro_carrera "HTTP/2 200 OK"
2026-02-10 19:29:04,359 - INFO - HTTP Request: POST https://bxdxztbdsxyyvvavvtoo.supabase.co/rest/v1/rendimiento_historico?on_conflict=fecha%2Chipodromo%2Cnro_carrera "HTTP/2 200 OK"
2026-02-10 19:29:04,548 - INFO - HTTP Request: POST https://bxdxztbdsxyyvvavvtoo.supabase.co/rest/v1/rendimiento_historico?on_conflict=fecha%2Chipodromo%2Cnro_carrera "HTTP/2 200 OK"
2026-02-10 19:29:04,761 - INFO - HTTP Request: POST https://bxdxztbdsxyyvvavvtoo.supabase.co/rest/v1/rendimiento_historico?on_conflict=fecha%2Chipodromo%2Cnro_carrera "HTTP/2 200 OK"
2026-02-10 19:29:05,042 - INFO - HTTP Request: POST https://bxdxztbdsxyyvvavvtoo.supabase.co/rest/v1/rendimiento_historico?on_conflict=fecha%2Chipodromo%2Cnro_carrera "HTTP/2 200 OK"
2026-02-10 19:29:05,237 - INFO - HTTP Request: POST https://bxdxztbdsxyyvvavvtoo.supabase.co/rest/v1/rendimiento_historico?on_conflict=fecha%2Chipodromo%2Cnro_carrera "HTTP/2 200 OK"
2026-02-10 19:29:05,404 - INFO - HTTP Request: POST https://bxdxztbdsxyyvvavvtoo.supabase.co/rest/v1/rendimiento_historico?on_conflict=fecha%2Chipodromo%2Cnro_carrera "HTTP/2 200 OK"
2026-02-10 19:29:05,568 - INFO - HTTP Request: POST https://bxdxztbdsxyyvvavvtoo.supabase.co/rest/v1/rendimiento_historico?on_conflict=fecha%2Chipodromo%2Cnro_carrera "HTTP/2 200 OK"
2026-02-10 19:29:05,746 - INFO - HTTP Request: POST https://bxdxztbdsxyyvvavvtoo.supabase.co/rest/v1/rendimiento_historico?on_conflict=fecha%2Chipodromo%2Cnro_carrera "HTTP/2 200 OK"
2026-02-10 19:29:05,949 - INFO - HTTP Request: POST https://bxdxztbdsxyyvvavvtoo.supabase.co/rest/v1/rendimiento_historico?on_conflict=fecha%2Chipodromo%2Cnro_carrera "HTTP/2 200 OK"
2026-02-10 19:29:06,149 - INFO - HTTP Request: POST https://bxdxztbdsxyyvvavvtoo.supabase.co/rest/v1/rendimiento_historico?on_conflict=fecha%2Chipodromo%2Cnro_carrera "HTTP/2 200 OK"
2026-02-10 19:29:06,331 - INFO - HTTP Request: POST https://bxdxztbdsxyyvvavvtoo.supabase.co/rest/v1/rendimiento_historico?on_conflict=fecha%2Chipodromo%2Cnro_carrera "HTTP/2 200 OK"
2026-02-10 19:29:06,497 - INFO - HTTP Request: POST https://bxdxztbdsxyyvvavvtoo.supabase.co/rest/v1/rendimiento_historico?on_conflict=fecha%2Chipodromo%2Cnro_carrera "HTTP/2 200 OK"
2026-02-10 19:29:06,662 - INFO - HTTP Request: POST https://bxdxztbdsxyyvvavvtoo.supabase.co/rest/v1/rendimiento_historico?on_conflict=fecha%2Chipodromo%2Cnro_carrera "HTTP/2 200 OK"
2026-02-10 19:29:06,819 - INFO - HTTP Request: POST https://bxdxztbdsxyyvvavvtoo.supabase.co/rest/v1/rendimiento_historico?on_conflict=fecha%2Chipodromo%2Cnro_carrera "HTTP/2 200 OK"
2026-02-10 19:29:06,977 - INFO - HTTP Request: POST https://bxdxztbdsxyyvvavvtoo.supabase.co/rest/v1/rendimiento_historico?on_conflict=fecha%2Chipodromo%2Cnro_carrera "HTTP/2 200 OK"
2026-02-10 19:29:07,142 - INFO - HTTP Request: POST https://bxdxztbdsxyyvvavvtoo.supabase.co/rest/v1/rendimiento_historico?on_conflict=fecha%2Chipodromo%2Cnro_carrera "HTTP/2 200 OK"
2026-02-10 19:29:07,311 - INFO - HTTP Request: POST https://bxdxztbdsxyyvvavvtoo.supabase.co/rest/v1/rendimiento_historico?on_conflict=fecha%2Chipodromo%2Cnro_carrera "HTTP/2 200 OK"
2026-02-10 19:29:07,480 - INFO - HTTP Request: POST https://bxdxztbdsxyyvvavvtoo.supabase.co/rest/v1/rendimiento_historico?on_conflict=fecha%2Chipodromo%2Cnro_carrera "HTTP/2 200 OK"
2026-02-10 19:29:07,642 - INFO - HTTP Request: POST https://bxdxztbdsxyyvvavvtoo.supabase.co/rest/v1/rendimiento_historico?on_conflict=fecha%2Chipodromo%2Cnro_carrera "HTTP/2 200 OK"
2026-02-10 19:29:07,822 - INFO - HTTP Request: POST https://bxdxztbdsxyyvvavvtoo.supabase.co/rest/v1/rendimiento_historico?on_conflict=fecha%2Chipodromo%2Cnro_carrera "HTTP/2 200 OK"
2026-02-10 19:29:08,003 - INFO - HTTP Request: POST https://bxdxztbdsxyyvvavvtoo.supabase.co/rest/v1/rendimiento_historico?on_conflict=fecha%2Chipodromo%2Cnro_carrera "HTTP/2 200 OK"
2026-02-10 19:29:08,189 - INFO - HTTP Request: POST https://bxdxztbdsxyyvvavvtoo.supabase.co/rest/v1/rendimiento_historico?on_conflict=fecha%2Chipodromo%2Cnro_carrera "HTTP/2 200 OK"
2026-02-10 19:29:08,397 - INFO - HTTP Request: POST https://bxdxztbdsxyyvvavvtoo.supabase.co/rest/v1/rendimiento_historico?on_conflict=fecha%2Chipodromo%2Cnro_carrera "HTTP/2 200 OK"
2026-02-10 19:29:08,574 - INFO - HTTP Request: POST https://bxdxztbdsxyyvvavvtoo.supabase.co/rest/v1/rendimiento_historico?on_conflict=fecha%2Chipodromo%2Cnro_carrera "HTTP/2 200 OK"
2026-02-10 19:29:08,761 - INFO - HTTP Request: POST https://bxdxztbdsxyyvvavvtoo.supabase.co/rest/v1/rendimiento_historico?on_conflict=fecha%2Chipodromo%2Cnro_carrera "HTTP/2 200 OK"
2026-02-10 19:29:08,932 - INFO - HTTP Request: POST https://bxdxztbdsxyyvvavvtoo.supabase.co/rest/v1/rendimiento_historico?on_conflict=fecha%2Chipodromo%2Cnro_carrera "HTTP/2 200 OK"
2026-02-10 19:29:09,103 - INFO - HTTP Request: POST https://bxdxztbdsxyyvvavvtoo.supabase.co/rest/v1/rendimiento_historico?on_conflict=fecha%2Chipodromo%2Cnro_carrera "HTTP/2 200 OK"
2026-02-10 19:29:09,272 - INFO - HTTP Request: POST https://bxdxztbdsxyyvvavvtoo.supabase.co/rest/v1/rendimiento_historico?on_conflict=fecha%2Chipodromo%2Cnro_carrera "HTTP/2 200 OK"
2026-02-10 19:29:09,440 - INFO - HTTP Request: POST https://bxdxztbdsxyyvvavvtoo.supabase.co/rest/v1/rendimiento_historico?on_conflict=fecha%2Chipodromo%2Cnro_carrera "HTTP/2 200 OK"
2026-02-10 19:29:09,600 - INFO - HTTP Request: POST https://bxdxztbdsxyyvvavvtoo.supabase.co/rest/v1/rendimiento_historico?on_conflict=fecha%2Chipodromo%2Cnro_carrera "HTTP/2 200 OK"
2026-02-10 19:29:09,775 - INFO - HTTP Request: POST https://bxdxztbdsxyyvvavvtoo.supabase.co/rest/v1/rendimiento_historico?on_conflict=fecha%2Chipodromo%2Cnro_carrera "HTTP/2 200 OK"
2026-02-10 19:29:09,944 - INFO - HTTP Request: POST https://bxdxztbdsxyyvvavvtoo.supabase.co/rest/v1/rendimiento_historico?on_conflict=fecha%2Chipodromo%2Cnro_carrera "HTTP/2 200 OK"
2026-02-10 19:29:10,140 - INFO - HTTP Request: POST https://bxdxztbdsxyyvvavvtoo.supabase.co/rest/v1/rendimiento_historico?on_conflict=fecha%2Chipodromo%2Cnro_carrera "HTTP/2 200 OK"
2026-02-10 19:29:10,326 - INFO - HTTP Request: POST https://bxdxztbdsxyyvvavvtoo.supabase.co/rest/v1/rendimiento_historico?on_conflict=fecha%2Chipodromo%2Cnro_carrera "HTTP/2 200 OK"
2026-02-10 19:29:10,327 - INFO - Uploaded 68 records to Supabase (rendimiento_historico)
2026-02-10 19:29:10,327 - INFO - 
============================================================
2026-02-10 19:29:10,327 - INFO - PERFORMANCE CALCULATION COMPLETE
2026-02-10 19:29:10,327 - INFO - ============================================================
2026-02-10 19:29:10,327 - INFO - 
============================================================
2026-02-10 19:29:10,327 - INFO - RETROACTIVE PREDICTIONS COMPLETE
2026-02-10 19:29:10,327 - INFO - ============================================================
DEBUG: Processing race 2026-02-03 Club Hpico de Concepcin 1 ID: 699 TYPE: <class 'int'>
DEBUG: Processing race 2026-02-03 Club Hpico de Concepcin 2 ID: 700 TYPE: <class 'int'>
DEBUG: Processing race 2026-02-03 Club Hpico de Concepcin 3 ID: 701 TYPE: <class 'int'>
DEBUG: Processing race 2026-02-03 Club Hpico de Concepcin 4 ID: 702 TYPE: <class 'int'>
DEBUG: Processing race 2026-02-03 Club Hpico de Concepcin 5 ID: 703 TYPE: <class 'int'>
DEBUG: Processing race 2026-02-03 Club Hpico de Concepcin 6 ID: 704 TYPE: <class 'int'>
DEBUG: Processing race 2026-02-03 Club Hpico de Concepcin 7 ID: 705 TYPE: <class 'int'>
DEBUG: Processing race 2026-02-03 Club Hpico de Concepcin 8 ID: 706 TYPE: <class 'int'>
DEBUG: Processing race 2026-02-03 Club Hpico de Concepcin 9 ID: 707 TYPE: <class 'int'>
DEBUG: Processing race 2026-02-03 Club Hpico de Concepcin 10 ID: 708 TYPE: <class 'int'>
DEBUG: Processing race 2026-02-03 Club Hpico de Concepcin 11 ID: 709 TYPE: <class 'int'>
DEBUG: Processing race 2026-02-03 Club Hpico de Concepcin 12 ID: 710 TYPE: <class 'int'>
DEBUG: Processing race 2026-02-04 Valparaso Sporting 1 ID: 711 TYPE: <class 'int'>
DEBUG: Processing race 2026-02-04 Valparaso Sporting 2 ID: 712 TYPE: <class 'int'>
DEBUG: Processing race 2026-02-04 Valparaso Sporting 3 ID: 713 TYPE: <class 'int'>
DEBUG: Processing race 2026-02-04 Valparaso Sporting 4 ID: 714 TYPE: <class 'int'>
DEBUG: Processing race 2026-02-04 Valparaso Sporting 5 ID: 715 TYPE: <class 'int'>
DEBUG: Processing race 2026-02-04 Valparaso Sporting 6 ID: 716 TYPE: <class 'int'>
DEBUG: Processing race 2026-02-04 Valparaso Sporting 7 ID: 717 TYPE: <class 'int'>
DEBUG: Processing race 2026-02-04 Valparaso Sporting 8 ID: 718 TYPE: <class 'int'>
DEBUG: Processing race 2026-02-04 Valparaso Sporting 9 ID: 719 TYPE: <class 'int'>
DEBUG: Processing race 2026-02-04 Valparaso Sporting 10 ID: 720 TYPE: <class 'int'>
DEBUG: Processing race 2026-02-04 Valparaso Sporting 11 ID: 721 TYPE: <class 'int'>
DEBUG: Processing race 2026-02-04 Valparaso Sporting 12 ID: 722 TYPE: <class 'int'>
DEBUG: Processing race 2026-02-05 Hipdromo Chile 1 ID: 723 TYPE: <class 'int'>
DEBUG: Processing race 2026-02-05 Hipdromo Chile 2 ID: 724 TYPE: <class 'int'>
DEBUG: Processing race 2026-02-05 Hipdromo Chile 3 ID: 725 TYPE: <class 'int'>
DEBUG: Processing race 2026-02-05 Hipdromo Chile 4 ID: 726 TYPE: <class 'int'>
DEBUG: Processing race 2026-02-05 Hipdromo Chile 5 ID: 727 TYPE: <class 'int'>
DEBUG: Processing race 2026-02-05 Hipdromo Chile 6 ID: 728 TYPE: <class 'int'>
DEBUG: Processing race 2026-02-05 Hipdromo Chile 7 ID: 729 TYPE: <class 'int'>
DEBUG: Processing race 2026-02-05 Hipdromo Chile 8 ID: 730 TYPE: <class 'int'>
DEBUG: Processing race 2026-02-05 Hipdromo Chile 9 ID: 731 TYPE: <class 'int'>
DEBUG: Processing race 2026-02-05 Hipdromo Chile 10 ID: 732 TYPE: <class 'int'>
DEBUG: Processing race 2026-02-05 Hipdromo Chile 11 ID: 733 TYPE: <class 'int'>
DEBUG: Processing race 2026-02-05 Hipdromo Chile 12 ID: 734 TYPE: <class 'int'>
DEBUG: Processing race 2026-02-05 Hipdromo Chile 13 ID: 735 TYPE: <class 'int'>
DEBUG: Processing race 2026-02-05 Hipdromo Chile 14 ID: 736 TYPE: <class 'int'>
DEBUG: Processing race 2026-02-05 Hipdromo Chile 15 ID: 737 TYPE: <class 'int'>
DEBUG: Processing race 2026-02-05 Hipdromo Chile 16 ID: 738 TYPE: <class 'int'>
DEBUG: Processing race 2026-02-05 Hipdromo Chile 17 ID: 739 TYPE: <class 'int'>
DEBUG: Processing race 2026-02-05 Hipdromo Chile 18 ID: 740 TYPE: <class 'int'>
DEBUG: Processing race 2026-02-05 Hipdromo Chile 19 ID: 741 TYPE: <class 'int'>
DEBUG: Processing race 2026-02-07 Hipdromo Chile 1 ID: 742 TYPE: <class 'int'>
DEBUG: Processing race 2026-02-07 Hipdromo Chile 2 ID: 743 TYPE: <class 'int'>
DEBUG: Processing race 2026-02-07 Hipdromo Chile 3 ID: 744 TYPE: <class 'int'>
DEBUG: Processing race 2026-02-07 Hipdromo Chile 4 ID: 745 TYPE: <class 'int'>
DEBUG: Processing race 2026-02-07 Hipdromo Chile 5 ID: 746 TYPE: <class 'int'>
DEBUG: Processing race 2026-02-07 Hipdromo Chile 6 ID: 747 TYPE: <class 'int'>
DEBUG: Processing race 2026-02-07 Hipdromo Chile 7 ID: 748 TYPE: <class 'int'>
DEBUG: Processing race 2026-02-07 Hipdromo Chile 8 ID: 749 TYPE: <class 'int'>
DEBUG: Processing race 2026-02-07 Hipdromo Chile 9 ID: 750 TYPE: <class 'int'>
DEBUG: Processing race 2026-02-07 Hipdromo Chile 10 ID: 751 TYPE: <class 'int'>
DEBUG: Processing race 2026-02-07 Hipdromo Chile 11 ID: 752 TYPE: <class 'int'>
DEBUG: Processing race 2026-02-07 Hipdromo Chile 12 ID: 753 TYPE: <class 'int'>
DEBUG: Processing race 2026-02-07 Hipdromo Chile 13 ID: 754 TYPE: <class 'int'>
DEBUG: Processing race 2026-02-07 Hipdromo Chile 14 ID: 755 TYPE: <class 'int'>
DEBUG: Processing race 2026-02-07 Hipdromo Chile 15 ID: 756 TYPE: <class 'int'>
DEBUG: Processing race 2026-02-07 Hipdromo Chile 16 ID: 757 TYPE: <class 'int'>
DEBUG: Processing race 2026-02-07 Hipdromo Chile 17 ID: 758 TYPE: <class 'int'>
DEBUG: Processing race 2026-02-07 Hipdromo Chile 18 ID: 759 TYPE: <class 'int'>
DEBUG: Processing race 2026-02-07 Hipdromo Chile 19 ID: 760 TYPE: <class 'int'>
DEBUG: Processing race 2026-02-07 Hipdromo Chile 20 ID: 761 TYPE: <class 'int'>
DEBUG: Processing race 2026-02-07 Hipdromo Chile 21 ID: 762 TYPE: <class 'int'>
DEBUG: Processing race 2026-02-09 Club Hpico de Santiago 1 ID: 763 TYPE: <class 'int'>
DEBUG: Processing race 2026-02-09 Club Hpico de Santiago 2 ID: 764 TYPE: <class 'int'>
DEBUG: Processing race 2026-02-09 Club Hpico de Santiago 3 ID: 765 TYPE: <class 'int'>
DEBUG: Processing race 2026-02-09 Club Hpico de Santiago 4 ID: 766 TYPE: <class 'int'>
DEBUG: Processing race 2026-02-09 Club Hpico de Santiago 5 ID: 767 TYPE: <class 'int'>
DEBUG: Processing race 2026-02-09 Club Hpico de Santiago 6 ID: 768 TYPE: <class 'int'>
DEBUG: Processing race 2026-02-09 Club Hpico de Santiago 7 ID: 769 TYPE: <class 'int'>
DEBUG: Processing race 2026-02-09 Club Hpico de Santiago 8 ID: 770 TYPE: <class 'int'>
DEBUG: Processing race 2026-02-09 Club Hpico de Santiago 9 ID: 771 TYPE: <class 'int'>
DEBUG: Processing race 2026-02-09 Club Hpico de Santiago 10 ID: 772 TYPE: <class 'int'>
DEBUG: Processing race 2026-02-09 Club Hpico de Santiago 11 ID: 773 TYPE: <class 'int'>
DEBUG: Processing race 2026-02-09 Club Hpico de Santiago 12 ID: 774 TYPE: <class 'int'>
DEBUG: Processing race 2026-02-09 Club Hpico de Santiago 13 ID: 775 TYPE: <class 'int'>
DEBUG: Processing race 2026-02-09 Club Hpico de Santiago 14 ID: 776 TYPE: <class 'int'>
DEBUG: Processing race 2026-02-09 Club Hpico de Santiago 15 ID: 777 TYPE: <class 'int'>
DEBUG: Processing race 2026-02-09 Club Hpico de Santiago 16 ID: 778 TYPE: <class 'int'>
DEBUG: Processing race 2026-02-09 Club Hpico de Santiago 17 ID: 779 TYPE: <class 'int'>
